CRITICAL - 2022-09-09 00:58:02 --> syntax error, unexpected token "foreach", expecting ")"
in APPPATH\Controllers\film.php on line 31.
 1 SYSTEMPATH\Autoloader\Autoloader.php(259): CodeIgniter\Autoloader\Autoloader->includeFile('APPPATH\\Controllers\\film.php')
 2 SYSTEMPATH\Autoloader\Autoloader.php(237): CodeIgniter\Autoloader\Autoloader->loadInNamespace('App\\Controllers\\film')
 3 [internal function]: CodeIgniter\Autoloader\Autoloader->loadClass('App\\Controllers\\film')
 4 SYSTEMPATH\CodeIgniter.php(857): class_exists('\\App\\Controllers\\film', true)
 5 SYSTEMPATH\CodeIgniter.php(444): CodeIgniter\CodeIgniter->startController()
 6 SYSTEMPATH\CodeIgniter.php(340): CodeIgniter\CodeIgniter->handleRequest(null, Object(Config\Cache), false)
 7 FCPATH\index.php(67): CodeIgniter\CodeIgniter->run()
 8 SYSTEMPATH\Commands\Server\rewrite.php(43): require_once('FCPATH\\index.php')
CRITICAL - 2022-09-09 00:58:34 --> syntax error, unexpected token "=>"
in APPPATH\Controllers\film.php on line 33.
 1 SYSTEMPATH\Autoloader\Autoloader.php(259): CodeIgniter\Autoloader\Autoloader->includeFile('APPPATH\\Controllers\\film.php')
 2 SYSTEMPATH\Autoloader\Autoloader.php(237): CodeIgniter\Autoloader\Autoloader->loadInNamespace('App\\Controllers\\film')
 3 [internal function]: CodeIgniter\Autoloader\Autoloader->loadClass('App\\Controllers\\film')
 4 SYSTEMPATH\CodeIgniter.php(857): class_exists('\\App\\Controllers\\film', true)
 5 SYSTEMPATH\CodeIgniter.php(444): CodeIgniter\CodeIgniter->startController()
 6 SYSTEMPATH\CodeIgniter.php(340): CodeIgniter\CodeIgniter->handleRequest(null, Object(Config\Cache), false)
 7 FCPATH\index.php(67): CodeIgniter\CodeIgniter->run()
 8 SYSTEMPATH\Commands\Server\rewrite.php(43): require_once('FCPATH\\index.php')
CRITICAL - 2022-09-09 01:03:23 --> Undefined variable $index
in APPPATH\Controllers\film.php on line 31.
 1 APPPATH\Controllers\film.php(31): CodeIgniter\Debug\Exceptions->errorHandler(2, 'Undefined variable $index', 'APPPATH\\Controllers\\film.php', 31)
 2 SYSTEMPATH\CodeIgniter.php(907): App\Controllers\film->show()
 3 SYSTEMPATH\CodeIgniter.php(457): CodeIgniter\CodeIgniter->runController(Object(App\Controllers\film))
 4 SYSTEMPATH\CodeIgniter.php(340): CodeIgniter\CodeIgniter->handleRequest(null, Object(Config\Cache), false)
 5 FCPATH\index.php(67): CodeIgniter\CodeIgniter->run()
 6 SYSTEMPATH\Commands\Server\rewrite.php(43): require_once('FCPATH\\index.php')
CRITICAL - 2022-09-09 01:05:41 --> Array to string conversion
in APPPATH\Controllers\film.php on line 41.
 1 APPPATH\Controllers\film.php(41): CodeIgniter\Debug\Exceptions->errorHandler(2, 'Array to string conversion', 'APPPATH\\Controllers\\film.php', 41)
 2 SYSTEMPATH\CodeIgniter.php(907): App\Controllers\film->show()
 3 SYSTEMPATH\CodeIgniter.php(457): CodeIgniter\CodeIgniter->runController(Object(App\Controllers\film))
 4 SYSTEMPATH\CodeIgniter.php(340): CodeIgniter\CodeIgniter->handleRequest(null, Object(Config\Cache), false)
 5 FCPATH\index.php(67): CodeIgniter\CodeIgniter->run()
 6 SYSTEMPATH\Commands\Server\rewrite.php(43): require_once('FCPATH\\index.php')
CRITICAL - 2022-09-09 01:05:43 --> Array to string conversion
in APPPATH\Controllers\film.php on line 41.
 1 APPPATH\Controllers\film.php(41): CodeIgniter\Debug\Exceptions->errorHandler(2, 'Array to string conversion', 'APPPATH\\Controllers\\film.php', 41)
 2 SYSTEMPATH\CodeIgniter.php(907): App\Controllers\film->show()
 3 SYSTEMPATH\CodeIgniter.php(457): CodeIgniter\CodeIgniter->runController(Object(App\Controllers\film))
 4 SYSTEMPATH\CodeIgniter.php(340): CodeIgniter\CodeIgniter->handleRequest(null, Object(Config\Cache), false)
 5 FCPATH\index.php(67): CodeIgniter\CodeIgniter->run()
 6 SYSTEMPATH\Commands\Server\rewrite.php(43): require_once('FCPATH\\index.php')
CRITICAL - 2022-09-09 01:09:19 --> syntax error, unexpected token "foreach", expecting ")"
in APPPATH\Controllers\film.php on line 32.
 1 SYSTEMPATH\Autoloader\Autoloader.php(259): CodeIgniter\Autoloader\Autoloader->includeFile('APPPATH\\Controllers\\film.php')
 2 SYSTEMPATH\Autoloader\Autoloader.php(237): CodeIgniter\Autoloader\Autoloader->loadInNamespace('App\\Controllers\\film')
 3 [internal function]: CodeIgniter\Autoloader\Autoloader->loadClass('App\\Controllers\\film')
 4 SYSTEMPATH\CodeIgniter.php(857): class_exists('\\App\\Controllers\\film', true)
 5 SYSTEMPATH\CodeIgniter.php(444): CodeIgniter\CodeIgniter->startController()
 6 SYSTEMPATH\CodeIgniter.php(340): CodeIgniter\CodeIgniter->handleRequest(null, Object(Config\Cache), false)
 7 FCPATH\index.php(67): CodeIgniter\CodeIgniter->run()
 8 SYSTEMPATH\Commands\Server\rewrite.php(43): require_once('FCPATH\\index.php')
CRITICAL - 2022-09-09 01:12:02 --> syntax error, unexpected token "as"
in APPPATH\Controllers\film.php on line 30.
 1 SYSTEMPATH\Autoloader\Autoloader.php(259): CodeIgniter\Autoloader\Autoloader->includeFile('APPPATH\\Controllers\\film.php')
 2 SYSTEMPATH\Autoloader\Autoloader.php(237): CodeIgniter\Autoloader\Autoloader->loadInNamespace('App\\Controllers\\film')
 3 [internal function]: CodeIgniter\Autoloader\Autoloader->loadClass('App\\Controllers\\film')
 4 SYSTEMPATH\CodeIgniter.php(857): class_exists('\\App\\Controllers\\film', true)
 5 SYSTEMPATH\CodeIgniter.php(444): CodeIgniter\CodeIgniter->startController()
 6 SYSTEMPATH\CodeIgniter.php(340): CodeIgniter\CodeIgniter->handleRequest(null, Object(Config\Cache), false)
 7 FCPATH\index.php(67): CodeIgniter\CodeIgniter->run()
 8 SYSTEMPATH\Commands\Server\rewrite.php(43): require_once('FCPATH\\index.php')
CRITICAL - 2022-09-09 01:12:26 --> Undefined variable $d
in APPPATH\Controllers\film.php on line 34.
 1 APPPATH\Controllers\film.php(34): CodeIgniter\Debug\Exceptions->errorHandler(2, 'Undefined variable $d', 'APPPATH\\Controllers\\film.php', 34)
 2 SYSTEMPATH\CodeIgniter.php(907): App\Controllers\film->show()
 3 SYSTEMPATH\CodeIgniter.php(457): CodeIgniter\CodeIgniter->runController(Object(App\Controllers\film))
 4 SYSTEMPATH\CodeIgniter.php(340): CodeIgniter\CodeIgniter->handleRequest(null, Object(Config\Cache), false)
 5 FCPATH\index.php(67): CodeIgniter\CodeIgniter->run()
 6 SYSTEMPATH\Commands\Server\rewrite.php(43): require_once('FCPATH\\index.php')
CRITICAL - 2022-09-09 01:12:40 --> Undefined array key "judul"
in APPPATH\Controllers\film.php on line 34.
 1 APPPATH\Controllers\film.php(34): CodeIgniter\Debug\Exceptions->errorHandler(2, 'Undefined array key "judul"', 'APPPATH\\Controllers\\film.php', 34)
 2 SYSTEMPATH\CodeIgniter.php(907): App\Controllers\film->show()
 3 SYSTEMPATH\CodeIgniter.php(457): CodeIgniter\CodeIgniter->runController(Object(App\Controllers\film))
 4 SYSTEMPATH\CodeIgniter.php(340): CodeIgniter\CodeIgniter->handleRequest(null, Object(Config\Cache), false)
 5 FCPATH\index.php(67): CodeIgniter\CodeIgniter->run()
 6 SYSTEMPATH\Commands\Server\rewrite.php(43): require_once('FCPATH\\index.php')
CRITICAL - 2022-09-09 01:14:28 --> Maximum execution time of 60 seconds exceeded
in APPPATH\Controllers\film.php on line 33.
 1 [internal function]: CodeIgniter\Debug\Exceptions->shutdownHandler()
ERROR - 2022-09-09 01:14:33 --> Error connecting to the database: mysqli_sql_exception: No connection could be made because the target machine actively refused it in D:\xampp\htdocs\LKS\system\Database\MySQLi\Connection.php:171
Stack trace:
#0 D:\xampp\htdocs\LKS\system\Database\MySQLi\Connection.php(171): mysqli->real_connect('localhost', 'root', '', 'film', 3306, '', 0)
#1 D:\xampp\htdocs\LKS\system\Database\BaseConnection.php(382): CodeIgniter\Database\MySQLi\Connection->connect(false)
#2 D:\xampp\htdocs\LKS\system\Database\BaseConnection.php(588): CodeIgniter\Database\BaseConnection->initialize()
#3 D:\xampp\htdocs\LKS\system\Database\BaseBuilder.php(1585): CodeIgniter\Database\BaseConnection->query('SELECT *\nFROM `...', Array, false)
#4 D:\xampp\htdocs\LKS\system\Model.php(223): CodeIgniter\Database\BaseBuilder->get()
#5 D:\xampp\htdocs\LKS\system\BaseModel.php(584): CodeIgniter\Model->doFindAll(0, 0)
#6 D:\xampp\htdocs\LKS\app\Controllers\film.php(25): CodeIgniter\BaseModel->findAll()
#7 D:\xampp\htdocs\LKS\system\CodeIgniter.php(907): App\Controllers\film->show()
#8 D:\xampp\htdocs\LKS\system\CodeIgniter.php(457): CodeIgniter\CodeIgniter->runController(Object(App\Controllers\film))
#9 D:\xampp\htdocs\LKS\system\CodeIgniter.php(340): CodeIgniter\CodeIgniter->handleRequest(NULL, Object(Config\Cache), false)
#10 D:\xampp\htdocs\LKS\public\index.php(67): CodeIgniter\CodeIgniter->run()
#11 D:\xampp\htdocs\LKS\system\Commands\Server\rewrite.php(43): require_once('D:\\xampp\\htdocs...')
#12 {main}

Next CodeIgniter\Database\Exceptions\DatabaseException: No connection could be made because the target machine actively refused it in D:\xampp\htdocs\LKS\system\Database\MySQLi\Connection.php:215
Stack trace:
#0 D:\xampp\htdocs\LKS\system\Database\BaseConnection.php(382): CodeIgniter\Database\MySQLi\Connection->connect(false)
#1 D:\xampp\htdocs\LKS\system\Database\BaseConnection.php(588): CodeIgniter\Database\BaseConnection->initialize()
#2 D:\xampp\htdocs\LKS\system\Database\BaseBuilder.php(1585): CodeIgniter\Database\BaseConnection->query('SELECT *\nFROM `...', Array, false)
#3 D:\xampp\htdocs\LKS\system\Model.php(223): CodeIgniter\Database\BaseBuilder->get()
#4 D:\xampp\htdocs\LKS\system\BaseModel.php(584): CodeIgniter\Model->doFindAll(0, 0)
#5 D:\xampp\htdocs\LKS\app\Controllers\film.php(25): CodeIgniter\BaseModel->findAll()
#6 D:\xampp\htdocs\LKS\system\CodeIgniter.php(907): App\Controllers\film->show()
#7 D:\xampp\htdocs\LKS\system\CodeIgniter.php(457): CodeIgniter\CodeIgniter->runController(Object(App\Controllers\film))
#8 D:\xampp\htdocs\LKS\system\CodeIgniter.php(340): CodeIgniter\CodeIgniter->handleRequest(NULL, Object(Config\Cache), false)
#9 D:\xampp\htdocs\LKS\public\index.php(67): CodeIgniter\CodeIgniter->run()
#10 D:\xampp\htdocs\LKS\system\Commands\Server\rewrite.php(43): require_once('D:\\xampp\\htdocs...')
#11 {main}
CRITICAL - 2022-09-09 01:14:33 --> Unable to connect to the database.
Main connection [MySQLi]: No connection could be made because the target machine actively refused it
in SYSTEMPATH\Database\BaseConnection.php on line 418.
 1 SYSTEMPATH\Database\BaseConnection.php(588): CodeIgniter\Database\BaseConnection->initialize()
 2 SYSTEMPATH\Database\BaseBuilder.php(1585): CodeIgniter\Database\BaseConnection->query('SELECT *
FROM `listFilm`', [], false)
 3 SYSTEMPATH\Model.php(223): CodeIgniter\Database\BaseBuilder->get()
 4 SYSTEMPATH\BaseModel.php(584): CodeIgniter\Model->doFindAll(0, 0)
 5 APPPATH\Controllers\film.php(25): CodeIgniter\BaseModel->findAll()
 6 SYSTEMPATH\CodeIgniter.php(907): App\Controllers\film->show()
 7 SYSTEMPATH\CodeIgniter.php(457): CodeIgniter\CodeIgniter->runController(Object(App\Controllers\film))
 8 SYSTEMPATH\CodeIgniter.php(340): CodeIgniter\CodeIgniter->handleRequest(null, Object(Config\Cache), false)
 9 FCPATH\index.php(67): CodeIgniter\CodeIgniter->run()
10 SYSTEMPATH\Commands\Server\rewrite.php(43): require_once('FCPATH\\index.php')
ERROR - 2022-09-09 01:14:39 --> Error connecting to the database: mysqli_sql_exception: No connection could be made because the target machine actively refused it in D:\xampp\htdocs\LKS\system\Database\MySQLi\Connection.php:171
Stack trace:
#0 D:\xampp\htdocs\LKS\system\Database\MySQLi\Connection.php(171): mysqli->real_connect('localhost', 'root', '', 'film', 3306, '', 0)
#1 D:\xampp\htdocs\LKS\system\Database\BaseConnection.php(382): CodeIgniter\Database\MySQLi\Connection->connect(false)
#2 D:\xampp\htdocs\LKS\system\Database\BaseConnection.php(588): CodeIgniter\Database\BaseConnection->initialize()
#3 D:\xampp\htdocs\LKS\system\Database\BaseBuilder.php(1585): CodeIgniter\Database\BaseConnection->query('SELECT *\nFROM `...', Array, false)
#4 D:\xampp\htdocs\LKS\system\Model.php(223): CodeIgniter\Database\BaseBuilder->get()
#5 D:\xampp\htdocs\LKS\system\BaseModel.php(584): CodeIgniter\Model->doFindAll(0, 0)
#6 D:\xampp\htdocs\LKS\app\Controllers\film.php(25): CodeIgniter\BaseModel->findAll()
#7 D:\xampp\htdocs\LKS\system\CodeIgniter.php(907): App\Controllers\film->show()
#8 D:\xampp\htdocs\LKS\system\CodeIgniter.php(457): CodeIgniter\CodeIgniter->runController(Object(App\Controllers\film))
#9 D:\xampp\htdocs\LKS\system\CodeIgniter.php(340): CodeIgniter\CodeIgniter->handleRequest(NULL, Object(Config\Cache), false)
#10 D:\xampp\htdocs\LKS\public\index.php(67): CodeIgniter\CodeIgniter->run()
#11 D:\xampp\htdocs\LKS\system\Commands\Server\rewrite.php(43): require_once('D:\\xampp\\htdocs...')
#12 {main}

Next CodeIgniter\Database\Exceptions\DatabaseException: No connection could be made because the target machine actively refused it in D:\xampp\htdocs\LKS\system\Database\MySQLi\Connection.php:215
Stack trace:
#0 D:\xampp\htdocs\LKS\system\Database\BaseConnection.php(382): CodeIgniter\Database\MySQLi\Connection->connect(false)
#1 D:\xampp\htdocs\LKS\system\Database\BaseConnection.php(588): CodeIgniter\Database\BaseConnection->initialize()
#2 D:\xampp\htdocs\LKS\system\Database\BaseBuilder.php(1585): CodeIgniter\Database\BaseConnection->query('SELECT *\nFROM `...', Array, false)
#3 D:\xampp\htdocs\LKS\system\Model.php(223): CodeIgniter\Database\BaseBuilder->get()
#4 D:\xampp\htdocs\LKS\system\BaseModel.php(584): CodeIgniter\Model->doFindAll(0, 0)
#5 D:\xampp\htdocs\LKS\app\Controllers\film.php(25): CodeIgniter\BaseModel->findAll()
#6 D:\xampp\htdocs\LKS\system\CodeIgniter.php(907): App\Controllers\film->show()
#7 D:\xampp\htdocs\LKS\system\CodeIgniter.php(457): CodeIgniter\CodeIgniter->runController(Object(App\Controllers\film))
#8 D:\xampp\htdocs\LKS\system\CodeIgniter.php(340): CodeIgniter\CodeIgniter->handleRequest(NULL, Object(Config\Cache), false)
#9 D:\xampp\htdocs\LKS\public\index.php(67): CodeIgniter\CodeIgniter->run()
#10 D:\xampp\htdocs\LKS\system\Commands\Server\rewrite.php(43): require_once('D:\\xampp\\htdocs...')
#11 {main}
CRITICAL - 2022-09-09 01:14:39 --> Unable to connect to the database.
Main connection [MySQLi]: No connection could be made because the target machine actively refused it
in SYSTEMPATH\Database\BaseConnection.php on line 418.
 1 SYSTEMPATH\Database\BaseConnection.php(588): CodeIgniter\Database\BaseConnection->initialize()
 2 SYSTEMPATH\Database\BaseBuilder.php(1585): CodeIgniter\Database\BaseConnection->query('SELECT *
FROM `listFilm`', [], false)
 3 SYSTEMPATH\Model.php(223): CodeIgniter\Database\BaseBuilder->get()
 4 SYSTEMPATH\BaseModel.php(584): CodeIgniter\Model->doFindAll(0, 0)
 5 APPPATH\Controllers\film.php(25): CodeIgniter\BaseModel->findAll()
 6 SYSTEMPATH\CodeIgniter.php(907): App\Controllers\film->show()
 7 SYSTEMPATH\CodeIgniter.php(457): CodeIgniter\CodeIgniter->runController(Object(App\Controllers\film))
 8 SYSTEMPATH\CodeIgniter.php(340): CodeIgniter\CodeIgniter->handleRequest(null, Object(Config\Cache), false)
 9 FCPATH\index.php(67): CodeIgniter\CodeIgniter->run()
10 SYSTEMPATH\Commands\Server\rewrite.php(43): require_once('FCPATH\\index.php')
CRITICAL - 2022-09-09 01:16:21 --> Maximum execution time of 60 seconds exceeded
in APPPATH\Controllers\film.php on line 33.
 1 [internal function]: CodeIgniter\Debug\Exceptions->shutdownHandler()
CRITICAL - 2022-09-09 08:30:22 --> syntax error, unexpected token ","
in APPPATH\Controllers\film.php on line 32.
 1 SYSTEMPATH\Autoloader\Autoloader.php(259): CodeIgniter\Autoloader\Autoloader->includeFile('APPPATH\\Controllers\\film.php')
 2 SYSTEMPATH\Autoloader\Autoloader.php(237): CodeIgniter\Autoloader\Autoloader->loadInNamespace('App\\Controllers\\film')
 3 [internal function]: CodeIgniter\Autoloader\Autoloader->loadClass('App\\Controllers\\film')
 4 SYSTEMPATH\CodeIgniter.php(857): class_exists('\\App\\Controllers\\film', true)
 5 SYSTEMPATH\CodeIgniter.php(444): CodeIgniter\CodeIgniter->startController()
 6 SYSTEMPATH\CodeIgniter.php(340): CodeIgniter\CodeIgniter->handleRequest(null, Object(Config\Cache), false)
 7 FCPATH\index.php(67): CodeIgniter\CodeIgniter->run()
 8 SYSTEMPATH\Commands\Server\rewrite.php(43): require_once('FCPATH\\index.php')
CRITICAL - 2022-09-09 08:31:44 --> syntax error, unexpected identifier "dd"
in APPPATH\Controllers\film.php on line 44.
 1 SYSTEMPATH\Autoloader\Autoloader.php(259): CodeIgniter\Autoloader\Autoloader->includeFile('APPPATH\\Controllers\\film.php')
 2 SYSTEMPATH\Autoloader\Autoloader.php(237): CodeIgniter\Autoloader\Autoloader->loadInNamespace('App\\Controllers\\film')
 3 [internal function]: CodeIgniter\Autoloader\Autoloader->loadClass('App\\Controllers\\film')
 4 SYSTEMPATH\CodeIgniter.php(857): class_exists('\\App\\Controllers\\film', true)
 5 SYSTEMPATH\CodeIgniter.php(444): CodeIgniter\CodeIgniter->startController()
 6 SYSTEMPATH\CodeIgniter.php(340): CodeIgniter\CodeIgniter->handleRequest(null, Object(Config\Cache), false)
 7 FCPATH\index.php(67): CodeIgniter\CodeIgniter->run()
 8 SYSTEMPATH\Commands\Server\rewrite.php(43): require_once('FCPATH\\index.php')
CRITICAL - 2022-09-09 08:31:57 --> syntax error, unexpected variable "$json"
in APPPATH\Controllers\film.php on line 45.
 1 SYSTEMPATH\Autoloader\Autoloader.php(259): CodeIgniter\Autoloader\Autoloader->includeFile('APPPATH\\Controllers\\film.php')
 2 SYSTEMPATH\Autoloader\Autoloader.php(237): CodeIgniter\Autoloader\Autoloader->loadInNamespace('App\\Controllers\\film')
 3 [internal function]: CodeIgniter\Autoloader\Autoloader->loadClass('App\\Controllers\\film')
 4 SYSTEMPATH\CodeIgniter.php(857): class_exists('\\App\\Controllers\\film', true)
 5 SYSTEMPATH\CodeIgniter.php(444): CodeIgniter\CodeIgniter->startController()
 6 SYSTEMPATH\CodeIgniter.php(340): CodeIgniter\CodeIgniter->handleRequest(null, Object(Config\Cache), false)
 7 FCPATH\index.php(67): CodeIgniter\CodeIgniter->run()
 8 SYSTEMPATH\Commands\Server\rewrite.php(43): require_once('FCPATH\\index.php')
CRITICAL - 2022-09-09 08:41:51 --> syntax error, unexpected token ";", expecting "]"
in APPPATH\Controllers\film.php on line 33.
 1 SYSTEMPATH\Autoloader\Autoloader.php(259): CodeIgniter\Autoloader\Autoloader->includeFile('APPPATH\\Controllers\\film.php')
 2 SYSTEMPATH\Autoloader\Autoloader.php(237): CodeIgniter\Autoloader\Autoloader->loadInNamespace('App\\Controllers\\film')
 3 [internal function]: CodeIgniter\Autoloader\Autoloader->loadClass('App\\Controllers\\film')
 4 SYSTEMPATH\CodeIgniter.php(857): class_exists('\\App\\Controllers\\film', true)
 5 SYSTEMPATH\CodeIgniter.php(444): CodeIgniter\CodeIgniter->startController()
 6 SYSTEMPATH\CodeIgniter.php(340): CodeIgniter\CodeIgniter->handleRequest(null, Object(Config\Cache), false)
 7 FCPATH\index.php(67): CodeIgniter\CodeIgniter->run()
 8 SYSTEMPATH\Commands\Server\rewrite.php(43): require_once('FCPATH\\index.php')
CRITICAL - 2022-09-09 08:42:07 --> Undefined variable $judul
in APPPATH\Controllers\film.php on line 33.
 1 APPPATH\Controllers\film.php(33): CodeIgniter\Debug\Exceptions->errorHandler(2, 'Undefined variable $judul', 'APPPATH\\Controllers\\film.php', 33)
 2 SYSTEMPATH\CodeIgniter.php(907): App\Controllers\film->show()
 3 SYSTEMPATH\CodeIgniter.php(457): CodeIgniter\CodeIgniter->runController(Object(App\Controllers\film))
 4 SYSTEMPATH\CodeIgniter.php(340): CodeIgniter\CodeIgniter->handleRequest(null, Object(Config\Cache), false)
 5 FCPATH\index.php(67): CodeIgniter\CodeIgniter->run()
 6 SYSTEMPATH\Commands\Server\rewrite.php(43): require_once('FCPATH\\index.php')
CRITICAL - 2022-09-09 08:43:01 --> Undefined variable $judul
in APPPATH\Controllers\film.php on line 33.
 1 APPPATH\Controllers\film.php(33): CodeIgniter\Debug\Exceptions->errorHandler(2, 'Undefined variable $judul', 'APPPATH\\Controllers\\film.php', 33)
 2 SYSTEMPATH\CodeIgniter.php(907): App\Controllers\film->show()
 3 SYSTEMPATH\CodeIgniter.php(457): CodeIgniter\CodeIgniter->runController(Object(App\Controllers\film))
 4 SYSTEMPATH\CodeIgniter.php(340): CodeIgniter\CodeIgniter->handleRequest(null, Object(Config\Cache), false)
 5 FCPATH\index.php(67): CodeIgniter\CodeIgniter->run()
 6 SYSTEMPATH\Commands\Server\rewrite.php(43): require_once('FCPATH\\index.php')
CRITICAL - 2022-09-09 19:07:10 --> Undefined variable $listfilm
in APPPATH\Views\user\index.php on line 59.
 1 APPPATH\Views\user\index.php(59): CodeIgniter\Debug\Exceptions->errorHandler(2, 'Undefined variable $listfilm', 'APPPATH\\Views\\user\\index.php', 59)
 2 SYSTEMPATH\View\View.php(213): include('APPPATH\\Views\\user\\index.php')
 3 SYSTEMPATH\View\View.php(216): CodeIgniter\View\View->CodeIgniter\View\{closure}()
 4 SYSTEMPATH\Common.php(1142): CodeIgniter\View\View->render('user/index', [], true)
 5 APPPATH\Controllers\pages.php(10): view('user/index')
 6 SYSTEMPATH\CodeIgniter.php(907): App\Controllers\pages->user()
 7 SYSTEMPATH\CodeIgniter.php(457): CodeIgniter\CodeIgniter->runController(Object(App\Controllers\pages))
 8 SYSTEMPATH\CodeIgniter.php(340): CodeIgniter\CodeIgniter->handleRequest(null, Object(Config\Cache), false)
 9 FCPATH\index.php(67): CodeIgniter\CodeIgniter->run()
10 SYSTEMPATH\Commands\Server\rewrite.php(43): require_once('FCPATH\\index.php')
CRITICAL - 2022-09-09 19:07:37 --> syntax error, unexpected identifier "listfilm"
in APPPATH\Views\user\index.php on line 59.
 1 SYSTEMPATH\View\View.php(216): CodeIgniter\View\View->CodeIgniter\View\{closure}()
 2 SYSTEMPATH\Common.php(1142): CodeIgniter\View\View->render('user/index', [], true)
 3 APPPATH\Controllers\pages.php(10): view('user/index')
 4 SYSTEMPATH\CodeIgniter.php(907): App\Controllers\pages->user()
 5 SYSTEMPATH\CodeIgniter.php(457): CodeIgniter\CodeIgniter->runController(Object(App\Controllers\pages))
 6 SYSTEMPATH\CodeIgniter.php(340): CodeIgniter\CodeIgniter->handleRequest(null, Object(Config\Cache), false)
 7 FCPATH\index.php(67): CodeIgniter\CodeIgniter->run()
 8 SYSTEMPATH\Commands\Server\rewrite.php(43): require_once('FCPATH\\index.php')
CRITICAL - 2022-09-09 19:08:06 --> syntax error, unexpected token ")", expecting "->" or "?->" or "{" or "["
in APPPATH\Views\user\index.php on line 59.
 1 SYSTEMPATH\View\View.php(216): CodeIgniter\View\View->CodeIgniter\View\{closure}()
 2 SYSTEMPATH\Common.php(1142): CodeIgniter\View\View->render('user/index', [], true)
 3 APPPATH\Controllers\pages.php(10): view('user/index')
 4 SYSTEMPATH\CodeIgniter.php(907): App\Controllers\pages->user()
 5 SYSTEMPATH\CodeIgniter.php(457): CodeIgniter\CodeIgniter->runController(Object(App\Controllers\pages))
 6 SYSTEMPATH\CodeIgniter.php(340): CodeIgniter\CodeIgniter->handleRequest(null, Object(Config\Cache), false)
 7 FCPATH\index.php(67): CodeIgniter\CodeIgniter->run()
 8 SYSTEMPATH\Commands\Server\rewrite.php(43): require_once('FCPATH\\index.php')
CRITICAL - 2022-09-09 19:08:47 --> syntax error, unexpected token ")", expecting "->" or "?->" or "{" or "["
in APPPATH\Views\user\index.php on line 59.
 1 SYSTEMPATH\View\View.php(216): CodeIgniter\View\View->CodeIgniter\View\{closure}()
 2 SYSTEMPATH\Common.php(1142): CodeIgniter\View\View->render('user/index', [], true)
 3 APPPATH\Controllers\pages.php(10): view('user/index')
 4 SYSTEMPATH\CodeIgniter.php(907): App\Controllers\pages->user()
 5 SYSTEMPATH\CodeIgniter.php(457): CodeIgniter\CodeIgniter->runController(Object(App\Controllers\pages))
 6 SYSTEMPATH\CodeIgniter.php(340): CodeIgniter\CodeIgniter->handleRequest(null, Object(Config\Cache), false)
 7 FCPATH\index.php(67): CodeIgniter\CodeIgniter->run()
 8 SYSTEMPATH\Commands\Server\rewrite.php(43): require_once('FCPATH\\index.php')
ERROR - 2022-09-09 20:48:28 --> Error connecting to the database: mysqli_sql_exception: No connection could be made because the target machine actively refused it in D:\xampp\htdocs\LKS\system\Database\MySQLi\Connection.php:171
Stack trace:
#0 D:\xampp\htdocs\LKS\system\Database\MySQLi\Connection.php(171): mysqli->real_connect('localhost', 'root', '', 'film', 3306, '', 0)
#1 D:\xampp\htdocs\LKS\system\Database\BaseConnection.php(382): CodeIgniter\Database\MySQLi\Connection->connect(false)
#2 D:\xampp\htdocs\LKS\system\Database\BaseConnection.php(588): CodeIgniter\Database\BaseConnection->initialize()
#3 D:\xampp\htdocs\LKS\system\Database\BaseBuilder.php(1585): CodeIgniter\Database\BaseConnection->query('SELECT *\nFROM `...', Array, false)
#4 D:\xampp\htdocs\LKS\system\Model.php(223): CodeIgniter\Database\BaseBuilder->get()
#5 D:\xampp\htdocs\LKS\system\BaseModel.php(584): CodeIgniter\Model->doFindAll(0, 0)
#6 D:\xampp\htdocs\LKS\app\Controllers\film.php(25): CodeIgniter\BaseModel->findAll()
#7 D:\xampp\htdocs\LKS\system\CodeIgniter.php(907): App\Controllers\film->show()
#8 D:\xampp\htdocs\LKS\system\CodeIgniter.php(457): CodeIgniter\CodeIgniter->runController(Object(App\Controllers\film))
#9 D:\xampp\htdocs\LKS\system\CodeIgniter.php(340): CodeIgniter\CodeIgniter->handleRequest(NULL, Object(Config\Cache), false)
#10 D:\xampp\htdocs\LKS\public\index.php(67): CodeIgniter\CodeIgniter->run()
#11 D:\xampp\htdocs\LKS\system\Commands\Server\rewrite.php(43): require_once('D:\\xampp\\htdocs...')
#12 {main}

Next CodeIgniter\Database\Exceptions\DatabaseException: No connection could be made because the target machine actively refused it in D:\xampp\htdocs\LKS\system\Database\MySQLi\Connection.php:215
Stack trace:
#0 D:\xampp\htdocs\LKS\system\Database\BaseConnection.php(382): CodeIgniter\Database\MySQLi\Connection->connect(false)
#1 D:\xampp\htdocs\LKS\system\Database\BaseConnection.php(588): CodeIgniter\Database\BaseConnection->initialize()
#2 D:\xampp\htdocs\LKS\system\Database\BaseBuilder.php(1585): CodeIgniter\Database\BaseConnection->query('SELECT *\nFROM `...', Array, false)
#3 D:\xampp\htdocs\LKS\system\Model.php(223): CodeIgniter\Database\BaseBuilder->get()
#4 D:\xampp\htdocs\LKS\system\BaseModel.php(584): CodeIgniter\Model->doFindAll(0, 0)
#5 D:\xampp\htdocs\LKS\app\Controllers\film.php(25): CodeIgniter\BaseModel->findAll()
#6 D:\xampp\htdocs\LKS\system\CodeIgniter.php(907): App\Controllers\film->show()
#7 D:\xampp\htdocs\LKS\system\CodeIgniter.php(457): CodeIgniter\CodeIgniter->runController(Object(App\Controllers\film))
#8 D:\xampp\htdocs\LKS\system\CodeIgniter.php(340): CodeIgniter\CodeIgniter->handleRequest(NULL, Object(Config\Cache), false)
#9 D:\xampp\htdocs\LKS\public\index.php(67): CodeIgniter\CodeIgniter->run()
#10 D:\xampp\htdocs\LKS\system\Commands\Server\rewrite.php(43): require_once('D:\\xampp\\htdocs...')
#11 {main}
CRITICAL - 2022-09-09 20:48:28 --> Unable to connect to the database.
Main connection [MySQLi]: No connection could be made because the target machine actively refused it
in SYSTEMPATH\Database\BaseConnection.php on line 418.
 1 SYSTEMPATH\Database\BaseConnection.php(588): CodeIgniter\Database\BaseConnection->initialize()
 2 SYSTEMPATH\Database\BaseBuilder.php(1585): CodeIgniter\Database\BaseConnection->query('SELECT *
FROM `listFilm`', [], false)
 3 SYSTEMPATH\Model.php(223): CodeIgniter\Database\BaseBuilder->get()
 4 SYSTEMPATH\BaseModel.php(584): CodeIgniter\Model->doFindAll(0, 0)
 5 APPPATH\Controllers\film.php(25): CodeIgniter\BaseModel->findAll()
 6 SYSTEMPATH\CodeIgniter.php(907): App\Controllers\film->show()
 7 SYSTEMPATH\CodeIgniter.php(457): CodeIgniter\CodeIgniter->runController(Object(App\Controllers\film))
 8 SYSTEMPATH\CodeIgniter.php(340): CodeIgniter\CodeIgniter->handleRequest(null, Object(Config\Cache), false)
 9 FCPATH\index.php(67): CodeIgniter\CodeIgniter->run()
10 SYSTEMPATH\Commands\Server\rewrite.php(43): require_once('FCPATH\\index.php')
CRITICAL - 2022-09-09 23:34:27 --> Undefined array key "penulis"
in APPPATH\Controllers\film.php on line 35.
 1 APPPATH\Controllers\film.php(35): CodeIgniter\Debug\Exceptions->errorHandler(2, 'Undefined array key "penulis"', 'APPPATH\\Controllers\\film.php', 35)
 2 SYSTEMPATH\CodeIgniter.php(907): App\Controllers\film->show('...')
 3 SYSTEMPATH\CodeIgniter.php(457): CodeIgniter\CodeIgniter->runController(Object(App\Controllers\film))
 4 SYSTEMPATH\CodeIgniter.php(340): CodeIgniter\CodeIgniter->handleRequest(null, Object(Config\Cache), false)
 5 FCPATH\index.php(67): CodeIgniter\CodeIgniter->run()
 6 SYSTEMPATH\Commands\Server\rewrite.php(43): require_once('FCPATH\\index.php')
CRITICAL - 2022-09-09 23:49:17 --> Undefined array key "penulis"
in APPPATH\Controllers\film.php on line 35.
 1 APPPATH\Controllers\film.php(35): CodeIgniter\Debug\Exceptions->errorHandler(2, 'Undefined array key "penulis"', 'APPPATH\\Controllers\\film.php', 35)
 2 SYSTEMPATH\CodeIgniter.php(907): App\Controllers\film->show('undefined')
 3 SYSTEMPATH\CodeIgniter.php(457): CodeIgniter\CodeIgniter->runController(Object(App\Controllers\film))
 4 SYSTEMPATH\CodeIgniter.php(340): CodeIgniter\CodeIgniter->handleRequest(null, Object(Config\Cache), false)
 5 FCPATH\index.php(67): CodeIgniter\CodeIgniter->run()
 6 SYSTEMPATH\Commands\Server\rewrite.php(43): require_once('FCPATH\\index.php')
CRITICAL - 2022-09-09 23:49:27 --> Undefined array key "penulis"
in APPPATH\Controllers\film.php on line 35.
 1 APPPATH\Controllers\film.php(35): CodeIgniter\Debug\Exceptions->errorHandler(2, 'Undefined array key "penulis"', 'APPPATH\\Controllers\\film.php', 35)
 2 SYSTEMPATH\CodeIgniter.php(907): App\Controllers\film->show()
 3 SYSTEMPATH\CodeIgniter.php(457): CodeIgniter\CodeIgniter->runController(Object(App\Controllers\film))
 4 SYSTEMPATH\CodeIgniter.php(340): CodeIgniter\CodeIgniter->handleRequest(null, Object(Config\Cache), false)
 5 FCPATH\index.php(67): CodeIgniter\CodeIgniter->run()
 6 SYSTEMPATH\Commands\Server\rewrite.php(43): require_once('FCPATH\\index.php')
