CRITICAL - 2022-09-08 00:01:32 --> There is no data to update.
in SYSTEMPATH\BaseModel.php on line 1577.
 1 SYSTEMPATH\BaseModel.php(1577): CodeIgniter\Database\Exceptions\DataException::forEmptyDataset('update')
 2 SYSTEMPATH\BaseModel.php(832): CodeIgniter\BaseModel->transformDataToArray(null, 'update')
 3 SYSTEMPATH\Model.php(693): CodeIgniter\BaseModel->update([...], null)
 4 APPPATH\Controllers\film.php(80): CodeIgniter\Model->update([...])
 5 SYSTEMPATH\CodeIgniter.php(907): App\Controllers\film->update('Peaky-Blinders-2014-Serial-Drama-Subtitle-Indonesia-2')
 6 SYSTEMPATH\CodeIgniter.php(457): CodeIgniter\CodeIgniter->runController(Object(App\Controllers\film))
 7 SYSTEMPATH\CodeIgniter.php(340): CodeIgniter\CodeIgniter->handleRequest(null, Object(Config\Cache), false)
 8 FCPATH\index.php(67): CodeIgniter\CodeIgniter->run()
CRITICAL - 2022-09-08 00:04:31 --> CodeIgniter\BaseModel::transformDataToArray(): Return value must be of type array, string returned
in SYSTEMPATH\BaseModel.php on line 1599.
 1 SYSTEMPATH\BaseModel.php(832): CodeIgniter\BaseModel->transformDataToArray('Peaky-Blinders-2014-Serial-Drama-Subtitle-Indonesia-2', 'update')
 2 SYSTEMPATH\Model.php(693): CodeIgniter\BaseModel->update([...], 'Peaky-Blinders-2014-Serial-Drama-Subtitle-Indonesia-2')
 3 APPPATH\Controllers\film.php(80): CodeIgniter\Model->update('slug', 'Peaky-Blinders-2014-Serial-Drama-Subtitle-Indonesia-2')
 4 SYSTEMPATH\CodeIgniter.php(907): App\Controllers\film->update('Peaky-Blinders-2014-Serial-Drama-Subtitle-Indonesia-2')
 5 SYSTEMPATH\CodeIgniter.php(457): CodeIgniter\CodeIgniter->runController(Object(App\Controllers\film))
 6 SYSTEMPATH\CodeIgniter.php(340): CodeIgniter\CodeIgniter->handleRequest(null, Object(Config\Cache), false)
 7 FCPATH\index.php(67): CodeIgniter\CodeIgniter->run()
CRITICAL - 2022-09-08 00:04:45 --> CodeIgniter\BaseModel::transformDataToArray(): Return value must be of type array, string returned
in SYSTEMPATH\BaseModel.php on line 1599.
 1 SYSTEMPATH\BaseModel.php(832): CodeIgniter\BaseModel->transformDataToArray('Peaky-Blinders-2014-Serial-Drama-Subtitle-Indonesia-2', 'update')
 2 SYSTEMPATH\Model.php(693): CodeIgniter\BaseModel->update([...], 'Peaky-Blinders-2014-Serial-Drama-Subtitle-Indonesia-2')
 3 APPPATH\Controllers\film.php(80): CodeIgniter\Model->update('slug', 'Peaky-Blinders-2014-Serial-Drama-Subtitle-Indonesia-2')
 4 SYSTEMPATH\CodeIgniter.php(907): App\Controllers\film->update('Peaky-Blinders-2014-Serial-Drama-Subtitle-Indonesia-2')
 5 SYSTEMPATH\CodeIgniter.php(457): CodeIgniter\CodeIgniter->runController(Object(App\Controllers\film))
 6 SYSTEMPATH\CodeIgniter.php(340): CodeIgniter\CodeIgniter->handleRequest(null, Object(Config\Cache), false)
 7 FCPATH\index.php(67): CodeIgniter\CodeIgniter->run()
CRITICAL - 2022-09-08 00:12:05 --> Call to undefined method CodeIgniter\HTTP\IncomingRequest::get()
in APPPATH\Controllers\film.php on line 63.
 1 SYSTEMPATH\CodeIgniter.php(907): App\Controllers\film->update('1')
 2 SYSTEMPATH\CodeIgniter.php(457): CodeIgniter\CodeIgniter->runController(Object(App\Controllers\film))
 3 SYSTEMPATH\CodeIgniter.php(340): CodeIgniter\CodeIgniter->handleRequest(null, Object(Config\Cache), false)
 4 FCPATH\index.php(67): CodeIgniter\CodeIgniter->run()
CRITICAL - 2022-09-08 00:48:09 --> Declaration of App\Models\filmModel::update($data, $slug) must be compatible with CodeIgniter\Model::update($id = null, $data = null): bool
in APPPATH\Models\filmModel.php on line 63.
 1 [internal function]: CodeIgniter\Debug\Exceptions->shutdownHandler()
CRITICAL - 2022-09-08 00:48:58 --> Declaration of App\Models\filmModel::update($data, $slug) must be compatible with CodeIgniter\Model::update($id = null, $data = null): bool
in APPPATH\Models\filmModel.php on line 63.
 1 [internal function]: CodeIgniter\Debug\Exceptions->shutdownHandler()
CRITICAL - 2022-09-08 00:49:52 --> Declaration of App\Models\filmModel::update($id = null, $data = null) must be compatible with CodeIgniter\Model::update($id = null, $data = null): bool
in APPPATH\Models\filmModel.php on line 63.
 1 [internal function]: CodeIgniter\Debug\Exceptions->shutdownHandler()
CRITICAL - 2022-09-08 00:50:24 --> Declaration of App\Models\filmModel::update($data = null, $slug = null) must be compatible with CodeIgniter\Model::update($id = null, $data = null): bool
in APPPATH\Models\filmModel.php on line 63.
 1 [internal function]: CodeIgniter\Debug\Exceptions->shutdownHandler()
CRITICAL - 2022-09-08 00:51:02 --> Declaration of App\Models\filmModel::update($data = null, $slug = null) must be compatible with CodeIgniter\Model::update($id = null, $data = null): bool
in APPPATH\Models\filmModel.php on line 63.
 1 [internal function]: CodeIgniter\Debug\Exceptions->shutdownHandler()
CRITICAL - 2022-09-08 00:51:30 --> Declaration of App\Models\filmModel::update($data = null, $slug = null) must be compatible with CodeIgniter\Model::update($id = null, $data = null): bool
in APPPATH\Models\filmModel.php on line 63.
 1 [internal function]: CodeIgniter\Debug\Exceptions->shutdownHandler()
CRITICAL - 2022-09-08 00:53:18 --> Declaration of App\Models\filmModel::update($data, $slug) must be compatible with CodeIgniter\Model::update($id = null, $data = null): bool
in APPPATH\Models\filmModel.php on line 63.
 1 [internal function]: CodeIgniter\Debug\Exceptions->shutdownHandler()
CRITICAL - 2022-09-08 00:54:41 --> Declaration of App\Models\filmModel::update($data, $id) must be compatible with CodeIgniter\Model::update($id = null, $data = null): bool
in APPPATH\Models\filmModel.php on line 63.
 1 [internal function]: CodeIgniter\Debug\Exceptions->shutdownHandler()
CRITICAL - 2022-09-08 00:59:05 --> Declaration of App\Models\filmModel::update($data, $id) must be compatible with CodeIgniter\Model::update($id = null, $data = null): bool
in APPPATH\Models\filmModel.php on line 63.
 1 [internal function]: CodeIgniter\Debug\Exceptions->shutdownHandler()
CRITICAL - 2022-09-08 00:59:31 --> Declaration of App\Models\filmModel::update($data, $id) must be compatible with CodeIgniter\Model::update($id = null, $data = null): bool
in APPPATH\Models\filmModel.php on line 63.
 1 [internal function]: CodeIgniter\Debug\Exceptions->shutdownHandler()
CRITICAL - 2022-09-08 00:59:47 --> CodeIgniter\Database\BaseResult::getResult(): Argument #1 ($type) must be of type string, null given, called in D:\xampp\htdocs\LKS\system\Model.php on line 224
in SYSTEMPATH\Database\BaseResult.php on line 96.
 1 SYSTEMPATH\Model.php(224): CodeIgniter\Database\BaseResult->getResult(null)
 2 SYSTEMPATH\BaseModel.php(584): CodeIgniter\Model->doFindAll(0, 0)
 3 APPPATH\Controllers\film.php(63): CodeIgniter\BaseModel->findAll()
 4 SYSTEMPATH\CodeIgniter.php(907): App\Controllers\film->update('1')
 5 SYSTEMPATH\CodeIgniter.php(457): CodeIgniter\CodeIgniter->runController(Object(App\Controllers\film))
 6 SYSTEMPATH\CodeIgniter.php(340): CodeIgniter\CodeIgniter->handleRequest(null, Object(Config\Cache), false)
 7 FCPATH\index.php(67): CodeIgniter\CodeIgniter->run()
CRITICAL - 2022-09-08 01:03:19 --> CodeIgniter\Database\BaseResult::getResult(): Argument #1 ($type) must be of type string, null given, called in D:\xampp\htdocs\LKS\system\Model.php on line 224
in SYSTEMPATH\Database\BaseResult.php on line 96.
 1 SYSTEMPATH\Model.php(224): CodeIgniter\Database\BaseResult->getResult(null)
 2 SYSTEMPATH\BaseModel.php(584): CodeIgniter\Model->doFindAll(0, 0)
 3 APPPATH\Controllers\film.php(63): CodeIgniter\BaseModel->findAll()
 4 SYSTEMPATH\CodeIgniter.php(907): App\Controllers\film->update('1')
 5 SYSTEMPATH\CodeIgniter.php(457): CodeIgniter\CodeIgniter->runController(Object(App\Controllers\film))
 6 SYSTEMPATH\CodeIgniter.php(340): CodeIgniter\CodeIgniter->handleRequest(null, Object(Config\Cache), false)
 7 FCPATH\index.php(67): CodeIgniter\CodeIgniter->run()
CRITICAL - 2022-09-08 01:06:37 --> CodeIgniter\Database\BaseResult::getResult(): Argument #1 ($type) must be of type string, null given, called in D:\xampp\htdocs\LKS\system\Model.php on line 224
in SYSTEMPATH\Database\BaseResult.php on line 96.
 1 SYSTEMPATH\Model.php(224): CodeIgniter\Database\BaseResult->getResult(null)
 2 SYSTEMPATH\BaseModel.php(584): CodeIgniter\Model->doFindAll(0, 0)
 3 APPPATH\Controllers\film.php(64): CodeIgniter\BaseModel->findAll()
 4 SYSTEMPATH\CodeIgniter.php(907): App\Controllers\film->update('1')
 5 SYSTEMPATH\CodeIgniter.php(457): CodeIgniter\CodeIgniter->runController(Object(App\Controllers\film))
 6 SYSTEMPATH\CodeIgniter.php(340): CodeIgniter\CodeIgniter->handleRequest(null, Object(Config\Cache), false)
 7 FCPATH\index.php(67): CodeIgniter\CodeIgniter->run()
CRITICAL - 2022-09-08 01:07:14 --> CodeIgniter\Database\BaseResult::getResult(): Argument #1 ($type) must be of type string, null given, called in D:\xampp\htdocs\LKS\system\Model.php on line 224
in SYSTEMPATH\Database\BaseResult.php on line 96.
 1 SYSTEMPATH\Model.php(224): CodeIgniter\Database\BaseResult->getResult(null)
 2 SYSTEMPATH\BaseModel.php(584): CodeIgniter\Model->doFindAll(0, 0)
 3 APPPATH\Controllers\film.php(64): CodeIgniter\BaseModel->findAll()
 4 SYSTEMPATH\CodeIgniter.php(907): App\Controllers\film->update('Peaky-Blinders-2014-Serial-Drama-Subtitle-Indonesia-2')
 5 SYSTEMPATH\CodeIgniter.php(457): CodeIgniter\CodeIgniter->runController(Object(App\Controllers\film))
 6 SYSTEMPATH\CodeIgniter.php(340): CodeIgniter\CodeIgniter->handleRequest(null, Object(Config\Cache), false)
 7 FCPATH\index.php(67): CodeIgniter\CodeIgniter->run()
CRITICAL - 2022-09-08 01:08:21 --> CodeIgniter\Database\BaseResult::getResult(): Argument #1 ($type) must be of type string, null given, called in D:\xampp\htdocs\LKS\system\Model.php on line 224
in SYSTEMPATH\Database\BaseResult.php on line 96.
 1 SYSTEMPATH\Model.php(224): CodeIgniter\Database\BaseResult->getResult(null)
 2 SYSTEMPATH\BaseModel.php(584): CodeIgniter\Model->doFindAll(0, 0)
 3 APPPATH\Controllers\film.php(63): CodeIgniter\BaseModel->findAll()
 4 SYSTEMPATH\CodeIgniter.php(907): App\Controllers\film->update('Peaky-Blinders-2014-Serial-Drama-Subtitle-Indonesia-2')
 5 SYSTEMPATH\CodeIgniter.php(457): CodeIgniter\CodeIgniter->runController(Object(App\Controllers\film))
 6 SYSTEMPATH\CodeIgniter.php(340): CodeIgniter\CodeIgniter->handleRequest(null, Object(Config\Cache), false)
 7 FCPATH\index.php(67): CodeIgniter\CodeIgniter->run()
CRITICAL - 2022-09-08 01:11:48 --> CodeIgniter\Database\BaseResult::getResult(): Argument #1 ($type) must be of type string, null given, called in D:\xampp\htdocs\LKS\system\Model.php on line 224
in SYSTEMPATH\Database\BaseResult.php on line 96.
 1 SYSTEMPATH\Model.php(224): CodeIgniter\Database\BaseResult->getResult(null)
 2 SYSTEMPATH\BaseModel.php(584): CodeIgniter\Model->doFindAll(0, 0)
 3 APPPATH\Controllers\film.php(63): CodeIgniter\BaseModel->findAll()
 4 SYSTEMPATH\CodeIgniter.php(907): App\Controllers\film->update('Peaky-Blinders-2014-Serial-Drama-Subtitle-Indonesia-2')
 5 SYSTEMPATH\CodeIgniter.php(457): CodeIgniter\CodeIgniter->runController(Object(App\Controllers\film))
 6 SYSTEMPATH\CodeIgniter.php(340): CodeIgniter\CodeIgniter->handleRequest(null, Object(Config\Cache), false)
 7 FCPATH\index.php(67): CodeIgniter\CodeIgniter->run()
CRITICAL - 2022-09-08 01:13:26 --> CodeIgniter\Database\BaseResult::getResult(): Argument #1 ($type) must be of type string, null given, called in D:\xampp\htdocs\LKS\system\Model.php on line 224
in SYSTEMPATH\Database\BaseResult.php on line 96.
 1 SYSTEMPATH\Model.php(224): CodeIgniter\Database\BaseResult->getResult(null)
 2 SYSTEMPATH\BaseModel.php(584): CodeIgniter\Model->doFindAll(0, 0)
 3 APPPATH\Controllers\film.php(63): CodeIgniter\BaseModel->findAll()
 4 SYSTEMPATH\CodeIgniter.php(907): App\Controllers\film->update('Peaky-Blinders-2014-Serial-Drama-Subtitle-Indonesia-2')
 5 SYSTEMPATH\CodeIgniter.php(457): CodeIgniter\CodeIgniter->runController(Object(App\Controllers\film))
 6 SYSTEMPATH\CodeIgniter.php(340): CodeIgniter\CodeIgniter->handleRequest(null, Object(Config\Cache), false)
 7 FCPATH\index.php(67): CodeIgniter\CodeIgniter->run()
ERROR - 2022-09-08 01:14:57 --> mysqli_sql_exception: Unknown column 'slugS' in 'where clause' in D:\xampp\htdocs\LKS\system\Database\MySQLi\Connection.php:292
Stack trace:
#0 D:\xampp\htdocs\LKS\system\Database\MySQLi\Connection.php(292): mysqli->query('SELECT *\nFROM `...', 0)
#1 D:\xampp\htdocs\LKS\system\Database\BaseConnection.php(693): CodeIgniter\Database\MySQLi\Connection->execute('SELECT *\nFROM `...')
#2 D:\xampp\htdocs\LKS\system\Database\BaseConnection.php(620): CodeIgniter\Database\BaseConnection->simpleQuery('SELECT *\nFROM `...')
#3 D:\xampp\htdocs\LKS\system\Database\BaseBuilder.php(1585): CodeIgniter\Database\BaseConnection->query('SELECT *\nFROM `...', Array, false)
#4 D:\xampp\htdocs\LKS\system\Model.php(223): CodeIgniter\Database\BaseBuilder->get()
#5 D:\xampp\htdocs\LKS\system\BaseModel.php(584): CodeIgniter\Model->doFindAll(0, 0)
#6 D:\xampp\htdocs\LKS\app\Controllers\film.php(63): CodeIgniter\BaseModel->findAll()
#7 D:\xampp\htdocs\LKS\system\CodeIgniter.php(907): App\Controllers\film->update('Peaky-Blinders-...')
#8 D:\xampp\htdocs\LKS\system\CodeIgniter.php(457): CodeIgniter\CodeIgniter->runController(Object(App\Controllers\film))
#9 D:\xampp\htdocs\LKS\system\CodeIgniter.php(340): CodeIgniter\CodeIgniter->handleRequest(NULL, Object(Config\Cache), false)
#10 D:\xampp\htdocs\LKS\public\index.php(67): CodeIgniter\CodeIgniter->run()
#11 {main}
CRITICAL - 2022-09-08 01:14:57 --> Unknown column 'slugS' in 'where clause'
in SYSTEMPATH\Database\MySQLi\Connection.php on line 292.
 1 SYSTEMPATH\Database\MySQLi\Connection.php(292): mysqli->query('SELECT *
FROM `listFilm`
WHERE `slugS` = \'Peaky-Blinders-2014-Serial-Drama-Subtitle-Indonesia-2\'', 0)
 2 SYSTEMPATH\Database\BaseConnection.php(693): CodeIgniter\Database\MySQLi\Connection->execute('SELECT *
FROM `listFilm`
WHERE `slugS` = \'Peaky-Blinders-2014-Serial-Drama-Subtitle-Indonesia-2\'')
 3 SYSTEMPATH\Database\BaseConnection.php(620): CodeIgniter\Database\BaseConnection->simpleQuery('SELECT *
FROM `listFilm`
WHERE `slugS` = \'Peaky-Blinders-2014-Serial-Drama-Subtitle-Indonesia-2\'')
 4 SYSTEMPATH\Database\BaseBuilder.php(1585): CodeIgniter\Database\BaseConnection->query('SELECT *
FROM `listFilm`
WHERE `slugS` = :slugS:', [...], false)
 5 SYSTEMPATH\Model.php(223): CodeIgniter\Database\BaseBuilder->get()
 6 SYSTEMPATH\BaseModel.php(584): CodeIgniter\Model->doFindAll(0, 0)
 7 APPPATH\Controllers\film.php(63): CodeIgniter\BaseModel->findAll()
 8 SYSTEMPATH\CodeIgniter.php(907): App\Controllers\film->update('Peaky-Blinders-2014-Serial-Drama-Subtitle-Indonesia-2')
 9 SYSTEMPATH\CodeIgniter.php(457): CodeIgniter\CodeIgniter->runController(Object(App\Controllers\film))
10 SYSTEMPATH\CodeIgniter.php(340): CodeIgniter\CodeIgniter->handleRequest(null, Object(Config\Cache), false)
11 FCPATH\index.php(67): CodeIgniter\CodeIgniter->run()
CRITICAL - 2022-09-08 01:15:51 --> Call to undefined method App\Models\filmModel::GetSelectCompiled
in SYSTEMPATH\Model.php on line 774.
 1 APPPATH\Controllers\film.php(63): CodeIgniter\Model->__call('GetSelectCompiled', [])
 2 SYSTEMPATH\CodeIgniter.php(907): App\Controllers\film->update('Peaky-Blinders-2014-Serial-Drama-Subtitle-Indonesia-2')
 3 SYSTEMPATH\CodeIgniter.php(457): CodeIgniter\CodeIgniter->runController(Object(App\Controllers\film))
 4 SYSTEMPATH\CodeIgniter.php(340): CodeIgniter\CodeIgniter->handleRequest(null, Object(Config\Cache), false)
 5 FCPATH\index.php(67): CodeIgniter\CodeIgniter->run()
CRITICAL - 2022-09-08 01:16:21 --> Call to undefined method App\Models\filmModel::getSelectCompiled
in SYSTEMPATH\Model.php on line 774.
 1 APPPATH\Controllers\film.php(63): CodeIgniter\Model->__call('getSelectCompiled', [])
 2 SYSTEMPATH\CodeIgniter.php(907): App\Controllers\film->update('Peaky-Blinders-2014-Serial-Drama-Subtitle-Indonesia-2')
 3 SYSTEMPATH\CodeIgniter.php(457): CodeIgniter\CodeIgniter->runController(Object(App\Controllers\film))
 4 SYSTEMPATH\CodeIgniter.php(340): CodeIgniter\CodeIgniter->handleRequest(null, Object(Config\Cache), false)
 5 FCPATH\index.php(67): CodeIgniter\CodeIgniter->run()
CRITICAL - 2022-09-08 01:16:45 --> You cannot use `getCompiledSelect()` in `App\Models\filmModel`. This is a method of the `Query Builder` class.
in SYSTEMPATH\Model.php on line 790.
 1 SYSTEMPATH\Model.php(790): CodeIgniter\Exceptions\ModelException::forMethodNotAvailable('App\\Models\\filmModel', 'getCompiledSelect()')
 2 SYSTEMPATH\Model.php(770): CodeIgniter\Model->checkBuilderMethod('getCompiledSelect')
 3 APPPATH\Controllers\film.php(63): CodeIgniter\Model->__call('getCompiledSelect', [])
 4 SYSTEMPATH\CodeIgniter.php(907): App\Controllers\film->update('Peaky-Blinders-2014-Serial-Drama-Subtitle-Indonesia-2')
 5 SYSTEMPATH\CodeIgniter.php(457): CodeIgniter\CodeIgniter->runController(Object(App\Controllers\film))
 6 SYSTEMPATH\CodeIgniter.php(340): CodeIgniter\CodeIgniter->handleRequest(null, Object(Config\Cache), false)
 7 FCPATH\index.php(67): CodeIgniter\CodeIgniter->run()
CRITICAL - 2022-09-08 01:17:51 --> CodeIgniter\Database\BaseResult::getResult(): Argument #1 ($type) must be of type string, null given, called in D:\xampp\htdocs\LKS\system\Model.php on line 224
in SYSTEMPATH\Database\BaseResult.php on line 96.
 1 SYSTEMPATH\Model.php(224): CodeIgniter\Database\BaseResult->getResult(null)
 2 SYSTEMPATH\BaseModel.php(584): CodeIgniter\Model->doFindAll(0, 0)
 3 APPPATH\Controllers\film.php(63): CodeIgniter\BaseModel->findAll()
 4 SYSTEMPATH\CodeIgniter.php(907): App\Controllers\film->update('Peaky-Blinders-2014-Serial-Drama-Subtitle-Indonesia-2')
 5 SYSTEMPATH\CodeIgniter.php(457): CodeIgniter\CodeIgniter->runController(Object(App\Controllers\film))
 6 SYSTEMPATH\CodeIgniter.php(340): CodeIgniter\CodeIgniter->handleRequest(null, Object(Config\Cache), false)
 7 FCPATH\index.php(67): CodeIgniter\CodeIgniter->run()
CRITICAL - 2022-09-08 01:18:56 --> CodeIgniter\Database\BaseResult::getResult(): Argument #1 ($type) must be of type string, null given, called in D:\xampp\htdocs\LKS\system\Model.php on line 224
in SYSTEMPATH\Database\BaseResult.php on line 96.
 1 SYSTEMPATH\Model.php(224): CodeIgniter\Database\BaseResult->getResult(null)
 2 SYSTEMPATH\BaseModel.php(584): CodeIgniter\Model->doFindAll(0, 0)
 3 APPPATH\Controllers\film.php(64): CodeIgniter\BaseModel->findAll()
 4 SYSTEMPATH\CodeIgniter.php(907): App\Controllers\film->update('Peaky-Blinders-2014-Serial-Drama-Subtitle-Indonesia-2')
 5 SYSTEMPATH\CodeIgniter.php(457): CodeIgniter\CodeIgniter->runController(Object(App\Controllers\film))
 6 SYSTEMPATH\CodeIgniter.php(340): CodeIgniter\CodeIgniter->handleRequest(null, Object(Config\Cache), false)
 7 FCPATH\index.php(67): CodeIgniter\CodeIgniter->run()
CRITICAL - 2022-09-08 01:19:16 --> CodeIgniter\Database\BaseResult::getResult(): Argument #1 ($type) must be of type string, null given, called in D:\xampp\htdocs\LKS\system\Model.php on line 224
in SYSTEMPATH\Database\BaseResult.php on line 96.
 1 SYSTEMPATH\Model.php(224): CodeIgniter\Database\BaseResult->getResult(null)
 2 SYSTEMPATH\BaseModel.php(584): CodeIgniter\Model->doFindAll(0, 0)
 3 APPPATH\Controllers\film.php(64): CodeIgniter\BaseModel->findAll()
 4 SYSTEMPATH\CodeIgniter.php(907): App\Controllers\film->update(22)
 5 SYSTEMPATH\CodeIgniter.php(457): CodeIgniter\CodeIgniter->runController(Object(App\Controllers\film))
 6 SYSTEMPATH\CodeIgniter.php(340): CodeIgniter\CodeIgniter->handleRequest(null, Object(Config\Cache), false)
 7 FCPATH\index.php(67): CodeIgniter\CodeIgniter->run()
CRITICAL - 2022-09-08 01:20:00 --> CodeIgniter\Database\BaseResult::getResult(): Argument #1 ($type) must be of type string, null given, called in D:\xampp\htdocs\LKS\system\Model.php on line 224
in SYSTEMPATH\Database\BaseResult.php on line 96.
 1 SYSTEMPATH\Model.php(224): CodeIgniter\Database\BaseResult->getResult(null)
 2 SYSTEMPATH\BaseModel.php(584): CodeIgniter\Model->doFindAll(0, 0)
 3 APPPATH\Controllers\film.php(25): CodeIgniter\BaseModel->findAll()
 4 SYSTEMPATH\CodeIgniter.php(907): App\Controllers\film->show('Peaky-Blinders-2014-Serial-Drama-Subtitle-Indonesia-2')
 5 SYSTEMPATH\CodeIgniter.php(457): CodeIgniter\CodeIgniter->runController(Object(App\Controllers\film))
 6 SYSTEMPATH\CodeIgniter.php(340): CodeIgniter\CodeIgniter->handleRequest(null, Object(Config\Cache), false)
 7 FCPATH\index.php(67): CodeIgniter\CodeIgniter->run()
CRITICAL - 2022-09-08 01:21:12 --> CodeIgniter\Database\BaseResult::getResult(): Argument #1 ($type) must be of type string, null given, called in D:\xampp\htdocs\LKS\system\Model.php on line 224
in SYSTEMPATH\Database\BaseResult.php on line 96.
 1 SYSTEMPATH\Model.php(224): CodeIgniter\Database\BaseResult->getResult(null)
 2 SYSTEMPATH\BaseModel.php(584): CodeIgniter\Model->doFindAll(0, 0)
 3 APPPATH\Controllers\film.php(25): CodeIgniter\BaseModel->findAll()
 4 SYSTEMPATH\CodeIgniter.php(907): App\Controllers\film->show('Peaky-Blinders-2014-Serial-Drama-Subtitle-Indonesia-2')
 5 SYSTEMPATH\CodeIgniter.php(457): CodeIgniter\CodeIgniter->runController(Object(App\Controllers\film))
 6 SYSTEMPATH\CodeIgniter.php(340): CodeIgniter\CodeIgniter->handleRequest(null, Object(Config\Cache), false)
 7 FCPATH\index.php(67): CodeIgniter\CodeIgniter->run()
CRITICAL - 2022-09-08 01:22:06 --> Call to undefined method App\Models\filmModel::getArray
in SYSTEMPATH\Model.php on line 774.
 1 APPPATH\Controllers\film.php(64): CodeIgniter\Model->__call('getArray', [])
 2 SYSTEMPATH\CodeIgniter.php(907): App\Controllers\film->update(22)
 3 SYSTEMPATH\CodeIgniter.php(457): CodeIgniter\CodeIgniter->runController(Object(App\Controllers\film))
 4 SYSTEMPATH\CodeIgniter.php(340): CodeIgniter\CodeIgniter->handleRequest(null, Object(Config\Cache), false)
 5 FCPATH\index.php(67): CodeIgniter\CodeIgniter->run()
CRITICAL - 2022-09-08 01:22:20 --> CodeIgniter\Database\BaseResult::getResult(): Argument #1 ($type) must be of type string, null given, called in D:\xampp\htdocs\LKS\system\Model.php on line 224
in SYSTEMPATH\Database\BaseResult.php on line 96.
 1 SYSTEMPATH\Model.php(224): CodeIgniter\Database\BaseResult->getResult(null)
 2 SYSTEMPATH\BaseModel.php(584): CodeIgniter\Model->doFindAll(0, 0)
 3 APPPATH\Controllers\film.php(64): CodeIgniter\BaseModel->findAll()
 4 SYSTEMPATH\CodeIgniter.php(907): App\Controllers\film->update(22)
 5 SYSTEMPATH\CodeIgniter.php(457): CodeIgniter\CodeIgniter->runController(Object(App\Controllers\film))
 6 SYSTEMPATH\CodeIgniter.php(340): CodeIgniter\CodeIgniter->handleRequest(null, Object(Config\Cache), false)
 7 FCPATH\index.php(67): CodeIgniter\CodeIgniter->run()
CRITICAL - 2022-09-08 01:22:59 --> CodeIgniter\Database\BaseResult::getResult(): Argument #1 ($type) must be of type string, null given, called in D:\xampp\htdocs\LKS\system\Model.php on line 224
in SYSTEMPATH\Database\BaseResult.php on line 96.
 1 SYSTEMPATH\Model.php(224): CodeIgniter\Database\BaseResult->getResult(null)
 2 SYSTEMPATH\BaseModel.php(584): CodeIgniter\Model->doFindAll(0, 0)
 3 APPPATH\Controllers\film.php(64): CodeIgniter\BaseModel->findAll()
 4 SYSTEMPATH\CodeIgniter.php(907): App\Controllers\film->update('22')
 5 SYSTEMPATH\CodeIgniter.php(457): CodeIgniter\CodeIgniter->runController(Object(App\Controllers\film))
 6 SYSTEMPATH\CodeIgniter.php(340): CodeIgniter\CodeIgniter->handleRequest(null, Object(Config\Cache), false)
 7 FCPATH\index.php(67): CodeIgniter\CodeIgniter->run()
CRITICAL - 2022-09-08 01:23:28 --> CodeIgniter\Database\BaseResult::getResult(): Argument #1 ($type) must be of type string, null given, called in D:\xampp\htdocs\LKS\system\Model.php on line 224
in SYSTEMPATH\Database\BaseResult.php on line 96.
 1 SYSTEMPATH\Model.php(224): CodeIgniter\Database\BaseResult->getResult(null)
 2 SYSTEMPATH\BaseModel.php(584): CodeIgniter\Model->doFindAll(0, 0)
 3 APPPATH\Controllers\film.php(64): CodeIgniter\BaseModel->findAll()
 4 SYSTEMPATH\CodeIgniter.php(907): App\Controllers\film->update('Peaky-Blinders-2014-Serial-Drama-Subtitle-Indonesia-2')
 5 SYSTEMPATH\CodeIgniter.php(457): CodeIgniter\CodeIgniter->runController(Object(App\Controllers\film))
 6 SYSTEMPATH\CodeIgniter.php(340): CodeIgniter\CodeIgniter->handleRequest(null, Object(Config\Cache), false)
 7 FCPATH\index.php(67): CodeIgniter\CodeIgniter->run()
CRITICAL - 2022-09-08 01:27:26 --> There is no data to update.
in SYSTEMPATH\BaseModel.php on line 1577.
 1 SYSTEMPATH\BaseModel.php(1577): CodeIgniter\Database\Exceptions\DataException::forEmptyDataset('update')
 2 SYSTEMPATH\BaseModel.php(832): CodeIgniter\BaseModel->transformDataToArray(null, 'update')
 3 SYSTEMPATH\Model.php(693): CodeIgniter\BaseModel->update([...], null)
 4 APPPATH\Controllers\film.php(68): CodeIgniter\Model->update([...])
 5 SYSTEMPATH\CodeIgniter.php(907): App\Controllers\film->update('Peaky-Blinders-2014-Serial-Drama-Subtitle-Indonesia-2')
 6 SYSTEMPATH\CodeIgniter.php(457): CodeIgniter\CodeIgniter->runController(Object(App\Controllers\film))
 7 SYSTEMPATH\CodeIgniter.php(340): CodeIgniter\CodeIgniter->handleRequest(null, Object(Config\Cache), false)
 8 FCPATH\index.php(67): CodeIgniter\CodeIgniter->run()
CRITICAL - 2022-09-08 01:31:50 --> syntax error, unexpected token ";"
in APPPATH\Controllers\film.php on line 68.
 1 SYSTEMPATH\Autoloader\Autoloader.php(259): CodeIgniter\Autoloader\Autoloader->includeFile('APPPATH\\Controllers\\film.php')
 2 SYSTEMPATH\Autoloader\Autoloader.php(237): CodeIgniter\Autoloader\Autoloader->loadInNamespace('App\\Controllers\\Film')
 3 [internal function]: CodeIgniter\Autoloader\Autoloader->loadClass('App\\Controllers\\Film')
 4 SYSTEMPATH\CodeIgniter.php(857): class_exists('\\App\\Controllers\\Film', true)
 5 SYSTEMPATH\CodeIgniter.php(444): CodeIgniter\CodeIgniter->startController()
 6 SYSTEMPATH\CodeIgniter.php(340): CodeIgniter\CodeIgniter->handleRequest(null, Object(Config\Cache), false)
 7 FCPATH\index.php(67): CodeIgniter\CodeIgniter->run()
CRITICAL - 2022-09-08 01:32:42 --> Undefined variable $model
in APPPATH\Controllers\film.php on line 68.
 1 APPPATH\Controllers\film.php(68): CodeIgniter\Debug\Exceptions->errorHandler(2, 'Undefined variable $model', 'APPPATH\\Controllers\\film.php', 68)
 2 SYSTEMPATH\CodeIgniter.php(907): App\Controllers\film->update('Peaky-Blinders-2014-Serial-Drama-Subtitle-Indonesia-2')
 3 SYSTEMPATH\CodeIgniter.php(457): CodeIgniter\CodeIgniter->runController(Object(App\Controllers\film))
 4 SYSTEMPATH\CodeIgniter.php(340): CodeIgniter\CodeIgniter->handleRequest(null, Object(Config\Cache), false)
 5 FCPATH\index.php(67): CodeIgniter\CodeIgniter->run()
CRITICAL - 2022-09-08 01:59:33 --> There is no data to update.
in SYSTEMPATH\BaseModel.php on line 1577.
 1 SYSTEMPATH\BaseModel.php(1577): CodeIgniter\Database\Exceptions\DataException::forEmptyDataset('update')
 2 SYSTEMPATH\BaseModel.php(832): CodeIgniter\BaseModel->transformDataToArray([], 'update')
 3 SYSTEMPATH\Model.php(693): CodeIgniter\BaseModel->update([...], [])
 4 APPPATH\Controllers\film.php(70): CodeIgniter\Model->update('1', [])
 5 SYSTEMPATH\CodeIgniter.php(907): App\Controllers\film->update('1')
 6 SYSTEMPATH\CodeIgniter.php(457): CodeIgniter\CodeIgniter->runController(Object(App\Controllers\film))
 7 SYSTEMPATH\CodeIgniter.php(340): CodeIgniter\CodeIgniter->handleRequest(null, Object(Config\Cache), false)
 8 FCPATH\index.php(67): CodeIgniter\CodeIgniter->run()
CRITICAL - 2022-09-08 02:54:49 --> syntax error, unexpected variable "$routes"
in APPPATH\Config\Routes.php on line 39.
 1 SYSTEMPATH\CodeIgniter.php(406): CodeIgniter\CodeIgniter->tryToRouteIt(null)
 2 SYSTEMPATH\CodeIgniter.php(336): CodeIgniter\CodeIgniter->handleRequest(null, Object(Config\Cache), false)
 3 SYSTEMPATH\CLI\Console.php(48): CodeIgniter\CodeIgniter->run()
 4 ROOTPATH\spark(98): CodeIgniter\CLI\Console->run()
CRITICAL - 2022-09-08 02:55:21 --> syntax error, unexpected variable "$routes"
in APPPATH\Config\Routes.php on line 39.
 1 SYSTEMPATH\CodeIgniter.php(406): CodeIgniter\CodeIgniter->tryToRouteIt(null)
 2 SYSTEMPATH\CodeIgniter.php(336): CodeIgniter\CodeIgniter->handleRequest(null, Object(Config\Cache), false)
 3 SYSTEMPATH\CLI\Console.php(48): CodeIgniter\CodeIgniter->run()
 4 ROOTPATH\spark(98): CodeIgniter\CLI\Console->run()
CRITICAL - 2022-09-08 03:00:17 --> Trait "App\Controllers\ResponseTrait" not found
in APPPATH\Controllers\pages.php on line 5.
 1 [internal function]: CodeIgniter\Debug\Exceptions->shutdownHandler()
CRITICAL - 2022-09-08 21:11:01 --> syntax error, unexpected token ";", expecting ")"
in APPPATH\Controllers\film.php on line 31.
 1 SYSTEMPATH\Autoloader\Autoloader.php(259): CodeIgniter\Autoloader\Autoloader->includeFile('APPPATH\\Controllers\\film.php')
 2 SYSTEMPATH\Autoloader\Autoloader.php(237): CodeIgniter\Autoloader\Autoloader->loadInNamespace('App\\Controllers\\film')
 3 [internal function]: CodeIgniter\Autoloader\Autoloader->loadClass('App\\Controllers\\film')
 4 SYSTEMPATH\CodeIgniter.php(857): class_exists('\\App\\Controllers\\film', true)
 5 SYSTEMPATH\CodeIgniter.php(444): CodeIgniter\CodeIgniter->startController()
 6 SYSTEMPATH\CodeIgniter.php(340): CodeIgniter\CodeIgniter->handleRequest(null, Object(Config\Cache), false)
 7 FCPATH\index.php(67): CodeIgniter\CodeIgniter->run()
 8 SYSTEMPATH\Commands\Server\rewrite.php(43): require_once('FCPATH\\index.php')
CRITICAL - 2022-09-08 21:12:01 --> syntax error, unexpected token ";", expecting ")"
in APPPATH\Controllers\film.php on line 31.
 1 SYSTEMPATH\Autoloader\Autoloader.php(259): CodeIgniter\Autoloader\Autoloader->includeFile('APPPATH\\Controllers\\film.php')
 2 SYSTEMPATH\Autoloader\Autoloader.php(237): CodeIgniter\Autoloader\Autoloader->loadInNamespace('App\\Controllers\\film')
 3 [internal function]: CodeIgniter\Autoloader\Autoloader->loadClass('App\\Controllers\\film')
 4 SYSTEMPATH\CodeIgniter.php(857): class_exists('\\App\\Controllers\\film', true)
 5 SYSTEMPATH\CodeIgniter.php(444): CodeIgniter\CodeIgniter->startController()
 6 SYSTEMPATH\CodeIgniter.php(340): CodeIgniter\CodeIgniter->handleRequest(null, Object(Config\Cache), false)
 7 FCPATH\index.php(67): CodeIgniter\CodeIgniter->run()
 8 SYSTEMPATH\Commands\Server\rewrite.php(43): require_once('FCPATH\\index.php')
CRITICAL - 2022-09-08 21:12:10 --> syntax error, unexpected token "foreach", expecting ")"
in APPPATH\Controllers\film.php on line 32.
 1 SYSTEMPATH\Autoloader\Autoloader.php(259): CodeIgniter\Autoloader\Autoloader->includeFile('APPPATH\\Controllers\\film.php')
 2 SYSTEMPATH\Autoloader\Autoloader.php(237): CodeIgniter\Autoloader\Autoloader->loadInNamespace('App\\Controllers\\film')
 3 [internal function]: CodeIgniter\Autoloader\Autoloader->loadClass('App\\Controllers\\film')
 4 SYSTEMPATH\CodeIgniter.php(857): class_exists('\\App\\Controllers\\film', true)
 5 SYSTEMPATH\CodeIgniter.php(444): CodeIgniter\CodeIgniter->startController()
 6 SYSTEMPATH\CodeIgniter.php(340): CodeIgniter\CodeIgniter->handleRequest(null, Object(Config\Cache), false)
 7 FCPATH\index.php(67): CodeIgniter\CodeIgniter->run()
 8 SYSTEMPATH\Commands\Server\rewrite.php(43): require_once('FCPATH\\index.php')
CRITICAL - 2022-09-08 21:12:28 --> syntax error, unexpected token ";"
in APPPATH\Controllers\film.php on line 31.
 1 SYSTEMPATH\Autoloader\Autoloader.php(259): CodeIgniter\Autoloader\Autoloader->includeFile('APPPATH\\Controllers\\film.php')
 2 SYSTEMPATH\Autoloader\Autoloader.php(237): CodeIgniter\Autoloader\Autoloader->loadInNamespace('App\\Controllers\\film')
 3 [internal function]: CodeIgniter\Autoloader\Autoloader->loadClass('App\\Controllers\\film')
 4 SYSTEMPATH\CodeIgniter.php(857): class_exists('\\App\\Controllers\\film', true)
 5 SYSTEMPATH\CodeIgniter.php(444): CodeIgniter\CodeIgniter->startController()
 6 SYSTEMPATH\CodeIgniter.php(340): CodeIgniter\CodeIgniter->handleRequest(null, Object(Config\Cache), false)
 7 FCPATH\index.php(67): CodeIgniter\CodeIgniter->run()
 8 SYSTEMPATH\Commands\Server\rewrite.php(43): require_once('FCPATH\\index.php')
CRITICAL - 2022-09-08 21:12:42 --> syntax error, unexpected token ";", expecting ")"
in APPPATH\Controllers\film.php on line 31.
 1 SYSTEMPATH\Autoloader\Autoloader.php(259): CodeIgniter\Autoloader\Autoloader->includeFile('APPPATH\\Controllers\\film.php')
 2 SYSTEMPATH\Autoloader\Autoloader.php(237): CodeIgniter\Autoloader\Autoloader->loadInNamespace('App\\Controllers\\film')
 3 [internal function]: CodeIgniter\Autoloader\Autoloader->loadClass('App\\Controllers\\film')
 4 SYSTEMPATH\CodeIgniter.php(857): class_exists('\\App\\Controllers\\film', true)
 5 SYSTEMPATH\CodeIgniter.php(444): CodeIgniter\CodeIgniter->startController()
 6 SYSTEMPATH\CodeIgniter.php(340): CodeIgniter\CodeIgniter->handleRequest(null, Object(Config\Cache), false)
 7 FCPATH\index.php(67): CodeIgniter\CodeIgniter->run()
 8 SYSTEMPATH\Commands\Server\rewrite.php(43): require_once('FCPATH\\index.php')
CRITICAL - 2022-09-08 21:13:32 --> syntax error, unexpected token ";", expecting ")"
in APPPATH\Controllers\film.php on line 31.
 1 SYSTEMPATH\Autoloader\Autoloader.php(259): CodeIgniter\Autoloader\Autoloader->includeFile('APPPATH\\Controllers\\film.php')
 2 SYSTEMPATH\Autoloader\Autoloader.php(237): CodeIgniter\Autoloader\Autoloader->loadInNamespace('App\\Controllers\\film')
 3 [internal function]: CodeIgniter\Autoloader\Autoloader->loadClass('App\\Controllers\\film')
 4 SYSTEMPATH\CodeIgniter.php(857): class_exists('\\App\\Controllers\\film', true)
 5 SYSTEMPATH\CodeIgniter.php(444): CodeIgniter\CodeIgniter->startController()
 6 SYSTEMPATH\CodeIgniter.php(340): CodeIgniter\CodeIgniter->handleRequest(null, Object(Config\Cache), false)
 7 FCPATH\index.php(67): CodeIgniter\CodeIgniter->run()
 8 SYSTEMPATH\Commands\Server\rewrite.php(43): require_once('FCPATH\\index.php')
CRITICAL - 2022-09-08 21:13:39 --> syntax error, unexpected token ";", expecting ")"
in APPPATH\Controllers\film.php on line 31.
 1 SYSTEMPATH\Autoloader\Autoloader.php(259): CodeIgniter\Autoloader\Autoloader->includeFile('APPPATH\\Controllers\\film.php')
 2 SYSTEMPATH\Autoloader\Autoloader.php(237): CodeIgniter\Autoloader\Autoloader->loadInNamespace('App\\Controllers\\film')
 3 [internal function]: CodeIgniter\Autoloader\Autoloader->loadClass('App\\Controllers\\film')
 4 SYSTEMPATH\CodeIgniter.php(857): class_exists('\\App\\Controllers\\film', true)
 5 SYSTEMPATH\CodeIgniter.php(444): CodeIgniter\CodeIgniter->startController()
 6 SYSTEMPATH\CodeIgniter.php(340): CodeIgniter\CodeIgniter->handleRequest(null, Object(Config\Cache), false)
 7 FCPATH\index.php(67): CodeIgniter\CodeIgniter->run()
 8 SYSTEMPATH\Commands\Server\rewrite.php(43): require_once('FCPATH\\index.php')
CRITICAL - 2022-09-08 21:13:49 --> syntax error, unexpected token "foreach", expecting ")"
in APPPATH\Controllers\film.php on line 32.
 1 SYSTEMPATH\Autoloader\Autoloader.php(259): CodeIgniter\Autoloader\Autoloader->includeFile('APPPATH\\Controllers\\film.php')
 2 SYSTEMPATH\Autoloader\Autoloader.php(237): CodeIgniter\Autoloader\Autoloader->loadInNamespace('App\\Controllers\\film')
 3 [internal function]: CodeIgniter\Autoloader\Autoloader->loadClass('App\\Controllers\\film')
 4 SYSTEMPATH\CodeIgniter.php(857): class_exists('\\App\\Controllers\\film', true)
 5 SYSTEMPATH\CodeIgniter.php(444): CodeIgniter\CodeIgniter->startController()
 6 SYSTEMPATH\CodeIgniter.php(340): CodeIgniter\CodeIgniter->handleRequest(null, Object(Config\Cache), false)
 7 FCPATH\index.php(67): CodeIgniter\CodeIgniter->run()
 8 SYSTEMPATH\Commands\Server\rewrite.php(43): require_once('FCPATH\\index.php')
CRITICAL - 2022-09-08 21:14:12 --> syntax error, unexpected token "foreach", expecting ")"
in APPPATH\Controllers\film.php on line 32.
 1 SYSTEMPATH\Autoloader\Autoloader.php(259): CodeIgniter\Autoloader\Autoloader->includeFile('APPPATH\\Controllers\\film.php')
 2 SYSTEMPATH\Autoloader\Autoloader.php(237): CodeIgniter\Autoloader\Autoloader->loadInNamespace('App\\Controllers\\film')
 3 [internal function]: CodeIgniter\Autoloader\Autoloader->loadClass('App\\Controllers\\film')
 4 SYSTEMPATH\CodeIgniter.php(857): class_exists('\\App\\Controllers\\film', true)
 5 SYSTEMPATH\CodeIgniter.php(444): CodeIgniter\CodeIgniter->startController()
 6 SYSTEMPATH\CodeIgniter.php(340): CodeIgniter\CodeIgniter->handleRequest(null, Object(Config\Cache), false)
 7 FCPATH\index.php(67): CodeIgniter\CodeIgniter->run()
 8 SYSTEMPATH\Commands\Server\rewrite.php(43): require_once('FCPATH\\index.php')
CRITICAL - 2022-09-08 21:14:33 --> syntax error, unexpected token "foreach", expecting ")"
in APPPATH\Controllers\film.php on line 32.
 1 SYSTEMPATH\Autoloader\Autoloader.php(259): CodeIgniter\Autoloader\Autoloader->includeFile('APPPATH\\Controllers\\film.php')
 2 SYSTEMPATH\Autoloader\Autoloader.php(237): CodeIgniter\Autoloader\Autoloader->loadInNamespace('App\\Controllers\\film')
 3 [internal function]: CodeIgniter\Autoloader\Autoloader->loadClass('App\\Controllers\\film')
 4 SYSTEMPATH\CodeIgniter.php(857): class_exists('\\App\\Controllers\\film', true)
 5 SYSTEMPATH\CodeIgniter.php(444): CodeIgniter\CodeIgniter->startController()
 6 SYSTEMPATH\CodeIgniter.php(340): CodeIgniter\CodeIgniter->handleRequest(null, Object(Config\Cache), false)
 7 FCPATH\index.php(67): CodeIgniter\CodeIgniter->run()
 8 SYSTEMPATH\Commands\Server\rewrite.php(43): require_once('FCPATH\\index.php')
CRITICAL - 2022-09-08 21:14:57 --> syntax error, unexpected token "foreach", expecting ")"
in APPPATH\Controllers\film.php on line 32.
 1 SYSTEMPATH\Autoloader\Autoloader.php(259): CodeIgniter\Autoloader\Autoloader->includeFile('APPPATH\\Controllers\\film.php')
 2 SYSTEMPATH\Autoloader\Autoloader.php(237): CodeIgniter\Autoloader\Autoloader->loadInNamespace('App\\Controllers\\film')
 3 [internal function]: CodeIgniter\Autoloader\Autoloader->loadClass('App\\Controllers\\film')
 4 SYSTEMPATH\CodeIgniter.php(857): class_exists('\\App\\Controllers\\film', true)
 5 SYSTEMPATH\CodeIgniter.php(444): CodeIgniter\CodeIgniter->startController()
 6 SYSTEMPATH\CodeIgniter.php(340): CodeIgniter\CodeIgniter->handleRequest(null, Object(Config\Cache), false)
 7 FCPATH\index.php(67): CodeIgniter\CodeIgniter->run()
 8 SYSTEMPATH\Commands\Server\rewrite.php(43): require_once('FCPATH\\index.php')
CRITICAL - 2022-09-08 21:15:40 --> syntax error, unexpected token "foreach"
in APPPATH\Controllers\film.php on line 32.
 1 SYSTEMPATH\Autoloader\Autoloader.php(259): CodeIgniter\Autoloader\Autoloader->includeFile('APPPATH\\Controllers\\film.php')
 2 SYSTEMPATH\Autoloader\Autoloader.php(237): CodeIgniter\Autoloader\Autoloader->loadInNamespace('App\\Controllers\\film')
 3 [internal function]: CodeIgniter\Autoloader\Autoloader->loadClass('App\\Controllers\\film')
 4 SYSTEMPATH\CodeIgniter.php(857): class_exists('\\App\\Controllers\\film', true)
 5 SYSTEMPATH\CodeIgniter.php(444): CodeIgniter\CodeIgniter->startController()
 6 SYSTEMPATH\CodeIgniter.php(340): CodeIgniter\CodeIgniter->handleRequest(null, Object(Config\Cache), false)
 7 FCPATH\index.php(67): CodeIgniter\CodeIgniter->run()
 8 SYSTEMPATH\Commands\Server\rewrite.php(43): require_once('FCPATH\\index.php')
CRITICAL - 2022-09-08 21:19:45 --> syntax error, unexpected token "foreach"
in APPPATH\Controllers\film.php on line 31.
 1 SYSTEMPATH\Autoloader\Autoloader.php(259): CodeIgniter\Autoloader\Autoloader->includeFile('APPPATH\\Controllers\\film.php')
 2 SYSTEMPATH\Autoloader\Autoloader.php(237): CodeIgniter\Autoloader\Autoloader->loadInNamespace('App\\Controllers\\film')
 3 [internal function]: CodeIgniter\Autoloader\Autoloader->loadClass('App\\Controllers\\film')
 4 SYSTEMPATH\CodeIgniter.php(857): class_exists('\\App\\Controllers\\film', true)
 5 SYSTEMPATH\CodeIgniter.php(444): CodeIgniter\CodeIgniter->startController()
 6 SYSTEMPATH\CodeIgniter.php(340): CodeIgniter\CodeIgniter->handleRequest(null, Object(Config\Cache), false)
 7 FCPATH\index.php(67): CodeIgniter\CodeIgniter->run()
 8 SYSTEMPATH\Commands\Server\rewrite.php(43): require_once('FCPATH\\index.php')
CRITICAL - 2022-09-08 21:20:01 --> syntax error, unexpected token "foreach"
in APPPATH\Controllers\film.php on line 31.
 1 SYSTEMPATH\Autoloader\Autoloader.php(259): CodeIgniter\Autoloader\Autoloader->includeFile('APPPATH\\Controllers\\film.php')
 2 SYSTEMPATH\Autoloader\Autoloader.php(237): CodeIgniter\Autoloader\Autoloader->loadInNamespace('App\\Controllers\\film')
 3 [internal function]: CodeIgniter\Autoloader\Autoloader->loadClass('App\\Controllers\\film')
 4 SYSTEMPATH\CodeIgniter.php(857): class_exists('\\App\\Controllers\\film', true)
 5 SYSTEMPATH\CodeIgniter.php(444): CodeIgniter\CodeIgniter->startController()
 6 SYSTEMPATH\CodeIgniter.php(340): CodeIgniter\CodeIgniter->handleRequest(null, Object(Config\Cache), false)
 7 FCPATH\index.php(67): CodeIgniter\CodeIgniter->run()
 8 SYSTEMPATH\Commands\Server\rewrite.php(43): require_once('FCPATH\\index.php')
CRITICAL - 2022-09-08 21:20:12 --> syntax error, unexpected token "foreach"
in APPPATH\Controllers\film.php on line 31.
 1 SYSTEMPATH\Autoloader\Autoloader.php(259): CodeIgniter\Autoloader\Autoloader->includeFile('APPPATH\\Controllers\\film.php')
 2 SYSTEMPATH\Autoloader\Autoloader.php(237): CodeIgniter\Autoloader\Autoloader->loadInNamespace('App\\Controllers\\film')
 3 [internal function]: CodeIgniter\Autoloader\Autoloader->loadClass('App\\Controllers\\film')
 4 SYSTEMPATH\CodeIgniter.php(857): class_exists('\\App\\Controllers\\film', true)
 5 SYSTEMPATH\CodeIgniter.php(444): CodeIgniter\CodeIgniter->startController()
 6 SYSTEMPATH\CodeIgniter.php(340): CodeIgniter\CodeIgniter->handleRequest(null, Object(Config\Cache), false)
 7 FCPATH\index.php(67): CodeIgniter\CodeIgniter->run()
 8 SYSTEMPATH\Commands\Server\rewrite.php(43): require_once('FCPATH\\index.php')
CRITICAL - 2022-09-08 21:20:53 --> syntax error, unexpected token "foreach"
in APPPATH\Controllers\film.php on line 31.
 1 SYSTEMPATH\Autoloader\Autoloader.php(259): CodeIgniter\Autoloader\Autoloader->includeFile('APPPATH\\Controllers\\film.php')
 2 SYSTEMPATH\Autoloader\Autoloader.php(237): CodeIgniter\Autoloader\Autoloader->loadInNamespace('App\\Controllers\\film')
 3 [internal function]: CodeIgniter\Autoloader\Autoloader->loadClass('App\\Controllers\\film')
 4 SYSTEMPATH\CodeIgniter.php(857): class_exists('\\App\\Controllers\\film', true)
 5 SYSTEMPATH\CodeIgniter.php(444): CodeIgniter\CodeIgniter->startController()
 6 SYSTEMPATH\CodeIgniter.php(340): CodeIgniter\CodeIgniter->handleRequest(null, Object(Config\Cache), false)
 7 FCPATH\index.php(67): CodeIgniter\CodeIgniter->run()
 8 SYSTEMPATH\Commands\Server\rewrite.php(43): require_once('FCPATH\\index.php')
CRITICAL - 2022-09-08 21:22:07 --> syntax error, unexpected token "foreach"
in APPPATH\Controllers\film.php on line 30.
 1 SYSTEMPATH\Autoloader\Autoloader.php(259): CodeIgniter\Autoloader\Autoloader->includeFile('APPPATH\\Controllers\\film.php')
 2 SYSTEMPATH\Autoloader\Autoloader.php(237): CodeIgniter\Autoloader\Autoloader->loadInNamespace('App\\Controllers\\film')
 3 [internal function]: CodeIgniter\Autoloader\Autoloader->loadClass('App\\Controllers\\film')
 4 SYSTEMPATH\CodeIgniter.php(857): class_exists('\\App\\Controllers\\film', true)
 5 SYSTEMPATH\CodeIgniter.php(444): CodeIgniter\CodeIgniter->startController()
 6 SYSTEMPATH\CodeIgniter.php(340): CodeIgniter\CodeIgniter->handleRequest(null, Object(Config\Cache), false)
 7 FCPATH\index.php(67): CodeIgniter\CodeIgniter->run()
 8 SYSTEMPATH\Commands\Server\rewrite.php(43): require_once('FCPATH\\index.php')
CRITICAL - 2022-09-08 21:30:39 --> Cannot access offset of type string on string
in APPPATH\Controllers\film.php on line 43.
 1 SYSTEMPATH\CodeIgniter.php(907): App\Controllers\film->show()
 2 SYSTEMPATH\CodeIgniter.php(457): CodeIgniter\CodeIgniter->runController(Object(App\Controllers\film))
 3 SYSTEMPATH\CodeIgniter.php(340): CodeIgniter\CodeIgniter->handleRequest(null, Object(Config\Cache), false)
 4 FCPATH\index.php(67): CodeIgniter\CodeIgniter->run()
 5 SYSTEMPATH\Commands\Server\rewrite.php(43): require_once('FCPATH\\index.php')
CRITICAL - 2022-09-08 21:32:57 --> syntax error, unexpected token "foreach"
in APPPATH\Controllers\film.php on line 29.
 1 SYSTEMPATH\Autoloader\Autoloader.php(259): CodeIgniter\Autoloader\Autoloader->includeFile('APPPATH\\Controllers\\film.php')
 2 SYSTEMPATH\Autoloader\Autoloader.php(237): CodeIgniter\Autoloader\Autoloader->loadInNamespace('App\\Controllers\\film')
 3 [internal function]: CodeIgniter\Autoloader\Autoloader->loadClass('App\\Controllers\\film')
 4 SYSTEMPATH\CodeIgniter.php(857): class_exists('\\App\\Controllers\\film', true)
 5 SYSTEMPATH\CodeIgniter.php(444): CodeIgniter\CodeIgniter->startController()
 6 SYSTEMPATH\CodeIgniter.php(340): CodeIgniter\CodeIgniter->handleRequest(null, Object(Config\Cache), false)
 7 FCPATH\index.php(67): CodeIgniter\CodeIgniter->run()
 8 SYSTEMPATH\Commands\Server\rewrite.php(43): require_once('FCPATH\\index.php')
CRITICAL - 2022-09-08 21:34:10 --> syntax error, unexpected double-quoted string "sutradara", expecting ")"
in APPPATH\Controllers\film.php on line 36.
 1 SYSTEMPATH\Autoloader\Autoloader.php(259): CodeIgniter\Autoloader\Autoloader->includeFile('APPPATH\\Controllers\\film.php')
 2 SYSTEMPATH\Autoloader\Autoloader.php(237): CodeIgniter\Autoloader\Autoloader->loadInNamespace('App\\Controllers\\film')
 3 [internal function]: CodeIgniter\Autoloader\Autoloader->loadClass('App\\Controllers\\film')
 4 SYSTEMPATH\CodeIgniter.php(857): class_exists('\\App\\Controllers\\film', true)
 5 SYSTEMPATH\CodeIgniter.php(444): CodeIgniter\CodeIgniter->startController()
 6 SYSTEMPATH\CodeIgniter.php(340): CodeIgniter\CodeIgniter->handleRequest(null, Object(Config\Cache), false)
 7 FCPATH\index.php(67): CodeIgniter\CodeIgniter->run()
 8 SYSTEMPATH\Commands\Server\rewrite.php(43): require_once('FCPATH\\index.php')
CRITICAL - 2022-09-08 21:35:09 --> Undefined array key "judul"
in APPPATH\Controllers\film.php on line 33.
 1 APPPATH\Controllers\film.php(33): CodeIgniter\Debug\Exceptions->errorHandler(2, 'Undefined array key "judul"', 'APPPATH\\Controllers\\film.php', 33)
 2 SYSTEMPATH\CodeIgniter.php(907): App\Controllers\film->show()
 3 SYSTEMPATH\CodeIgniter.php(457): CodeIgniter\CodeIgniter->runController(Object(App\Controllers\film))
 4 SYSTEMPATH\CodeIgniter.php(340): CodeIgniter\CodeIgniter->handleRequest(null, Object(Config\Cache), false)
 5 FCPATH\index.php(67): CodeIgniter\CodeIgniter->run()
 6 SYSTEMPATH\Commands\Server\rewrite.php(43): require_once('FCPATH\\index.php')
CRITICAL - 2022-09-08 21:35:28 --> Undefined array key "judul"
in APPPATH\Controllers\film.php on line 33.
 1 APPPATH\Controllers\film.php(33): CodeIgniter\Debug\Exceptions->errorHandler(2, 'Undefined array key "judul"', 'APPPATH\\Controllers\\film.php', 33)
 2 SYSTEMPATH\CodeIgniter.php(907): App\Controllers\film->show()
 3 SYSTEMPATH\CodeIgniter.php(457): CodeIgniter\CodeIgniter->runController(Object(App\Controllers\film))
 4 SYSTEMPATH\CodeIgniter.php(340): CodeIgniter\CodeIgniter->handleRequest(null, Object(Config\Cache), false)
 5 FCPATH\index.php(67): CodeIgniter\CodeIgniter->run()
 6 SYSTEMPATH\Commands\Server\rewrite.php(43): require_once('FCPATH\\index.php')
CRITICAL - 2022-09-08 21:35:49 --> Undefined array key "actor"
in APPPATH\Controllers\film.php on line 33.
 1 APPPATH\Controllers\film.php(33): CodeIgniter\Debug\Exceptions->errorHandler(2, 'Undefined array key "actor"', 'APPPATH\\Controllers\\film.php', 33)
 2 SYSTEMPATH\CodeIgniter.php(907): App\Controllers\film->show()
 3 SYSTEMPATH\CodeIgniter.php(457): CodeIgniter\CodeIgniter->runController(Object(App\Controllers\film))
 4 SYSTEMPATH\CodeIgniter.php(340): CodeIgniter\CodeIgniter->handleRequest(null, Object(Config\Cache), false)
 5 FCPATH\index.php(67): CodeIgniter\CodeIgniter->run()
 6 SYSTEMPATH\Commands\Server\rewrite.php(43): require_once('FCPATH\\index.php')
CRITICAL - 2022-09-08 21:36:04 --> Undefined variable $array
in APPPATH\Controllers\film.php on line 36.
 1 APPPATH\Controllers\film.php(36): CodeIgniter\Debug\Exceptions->errorHandler(2, 'Undefined variable $array', 'APPPATH\\Controllers\\film.php', 36)
 2 SYSTEMPATH\CodeIgniter.php(907): App\Controllers\film->show()
 3 SYSTEMPATH\CodeIgniter.php(457): CodeIgniter\CodeIgniter->runController(Object(App\Controllers\film))
 4 SYSTEMPATH\CodeIgniter.php(340): CodeIgniter\CodeIgniter->handleRequest(null, Object(Config\Cache), false)
 5 FCPATH\index.php(67): CodeIgniter\CodeIgniter->run()
 6 SYSTEMPATH\Commands\Server\rewrite.php(43): require_once('FCPATH\\index.php')
CRITICAL - 2022-09-08 22:17:59 --> syntax error, unexpected token "array"
in APPPATH\Controllers\film.php on line 31.
 1 SYSTEMPATH\Autoloader\Autoloader.php(259): CodeIgniter\Autoloader\Autoloader->includeFile('APPPATH\\Controllers\\film.php')
 2 SYSTEMPATH\Autoloader\Autoloader.php(237): CodeIgniter\Autoloader\Autoloader->loadInNamespace('App\\Controllers\\film')
 3 [internal function]: CodeIgniter\Autoloader\Autoloader->loadClass('App\\Controllers\\film')
 4 SYSTEMPATH\CodeIgniter.php(857): class_exists('\\App\\Controllers\\film', true)
 5 SYSTEMPATH\CodeIgniter.php(444): CodeIgniter\CodeIgniter->startController()
 6 SYSTEMPATH\CodeIgniter.php(340): CodeIgniter\CodeIgniter->handleRequest(null, Object(Config\Cache), false)
 7 FCPATH\index.php(67): CodeIgniter\CodeIgniter->run()
 8 SYSTEMPATH\Commands\Server\rewrite.php(43): require_once('FCPATH\\index.php')
CRITICAL - 2022-09-08 22:18:20 --> syntax error, unexpected variable "$index"
in APPPATH\Controllers\film.php on line 32.
 1 SYSTEMPATH\Autoloader\Autoloader.php(259): CodeIgniter\Autoloader\Autoloader->includeFile('APPPATH\\Controllers\\film.php')
 2 SYSTEMPATH\Autoloader\Autoloader.php(237): CodeIgniter\Autoloader\Autoloader->loadInNamespace('App\\Controllers\\film')
 3 [internal function]: CodeIgniter\Autoloader\Autoloader->loadClass('App\\Controllers\\film')
 4 SYSTEMPATH\CodeIgniter.php(857): class_exists('\\App\\Controllers\\film', true)
 5 SYSTEMPATH\CodeIgniter.php(444): CodeIgniter\CodeIgniter->startController()
 6 SYSTEMPATH\CodeIgniter.php(340): CodeIgniter\CodeIgniter->handleRequest(null, Object(Config\Cache), false)
 7 FCPATH\index.php(67): CodeIgniter\CodeIgniter->run()
 8 SYSTEMPATH\Commands\Server\rewrite.php(43): require_once('FCPATH\\index.php')
CRITICAL - 2022-09-08 22:43:18 --> syntax error, unexpected token "=>"
in APPPATH\Controllers\film.php on line 31.
 1 SYSTEMPATH\Autoloader\Autoloader.php(259): CodeIgniter\Autoloader\Autoloader->includeFile('APPPATH\\Controllers\\film.php')
 2 SYSTEMPATH\Autoloader\Autoloader.php(237): CodeIgniter\Autoloader\Autoloader->loadInNamespace('App\\Controllers\\film')
 3 [internal function]: CodeIgniter\Autoloader\Autoloader->loadClass('App\\Controllers\\film')
 4 SYSTEMPATH\CodeIgniter.php(857): class_exists('\\App\\Controllers\\film', true)
 5 SYSTEMPATH\CodeIgniter.php(444): CodeIgniter\CodeIgniter->startController()
 6 SYSTEMPATH\CodeIgniter.php(340): CodeIgniter\CodeIgniter->handleRequest(null, Object(Config\Cache), false)
 7 FCPATH\index.php(67): CodeIgniter\CodeIgniter->run()
 8 SYSTEMPATH\Commands\Server\rewrite.php(43): require_once('FCPATH\\index.php')
CRITICAL - 2022-09-08 22:44:02 --> syntax error, unexpected token ";", expecting ")"
in APPPATH\Controllers\film.php on line 38.
 1 SYSTEMPATH\Autoloader\Autoloader.php(259): CodeIgniter\Autoloader\Autoloader->includeFile('APPPATH\\Controllers\\film.php')
 2 SYSTEMPATH\Autoloader\Autoloader.php(237): CodeIgniter\Autoloader\Autoloader->loadInNamespace('App\\Controllers\\film')
 3 [internal function]: CodeIgniter\Autoloader\Autoloader->loadClass('App\\Controllers\\film')
 4 SYSTEMPATH\CodeIgniter.php(857): class_exists('\\App\\Controllers\\film', true)
 5 SYSTEMPATH\CodeIgniter.php(444): CodeIgniter\CodeIgniter->startController()
 6 SYSTEMPATH\CodeIgniter.php(340): CodeIgniter\CodeIgniter->handleRequest(null, Object(Config\Cache), false)
 7 FCPATH\index.php(67): CodeIgniter\CodeIgniter->run()
 8 SYSTEMPATH\Commands\Server\rewrite.php(43): require_once('FCPATH\\index.php')
CRITICAL - 2022-09-08 22:49:45 --> syntax error, unexpected token "=>"
in APPPATH\Controllers\film.php on line 32.
 1 SYSTEMPATH\Autoloader\Autoloader.php(259): CodeIgniter\Autoloader\Autoloader->includeFile('APPPATH\\Controllers\\film.php')
 2 SYSTEMPATH\Autoloader\Autoloader.php(237): CodeIgniter\Autoloader\Autoloader->loadInNamespace('App\\Controllers\\film')
 3 [internal function]: CodeIgniter\Autoloader\Autoloader->loadClass('App\\Controllers\\film')
 4 SYSTEMPATH\CodeIgniter.php(857): class_exists('\\App\\Controllers\\film', true)
 5 SYSTEMPATH\CodeIgniter.php(444): CodeIgniter\CodeIgniter->startController()
 6 SYSTEMPATH\CodeIgniter.php(340): CodeIgniter\CodeIgniter->handleRequest(null, Object(Config\Cache), false)
 7 FCPATH\index.php(67): CodeIgniter\CodeIgniter->run()
 8 SYSTEMPATH\Commands\Server\rewrite.php(43): require_once('FCPATH\\index.php')
CRITICAL - 2022-09-08 22:49:58 --> syntax error, unexpected token ","
in APPPATH\Controllers\film.php on line 40.
 1 SYSTEMPATH\Autoloader\Autoloader.php(259): CodeIgniter\Autoloader\Autoloader->includeFile('APPPATH\\Controllers\\film.php')
 2 SYSTEMPATH\Autoloader\Autoloader.php(237): CodeIgniter\Autoloader\Autoloader->loadInNamespace('App\\Controllers\\film')
 3 [internal function]: CodeIgniter\Autoloader\Autoloader->loadClass('App\\Controllers\\film')
 4 SYSTEMPATH\CodeIgniter.php(857): class_exists('\\App\\Controllers\\film', true)
 5 SYSTEMPATH\CodeIgniter.php(444): CodeIgniter\CodeIgniter->startController()
 6 SYSTEMPATH\CodeIgniter.php(340): CodeIgniter\CodeIgniter->handleRequest(null, Object(Config\Cache), false)
 7 FCPATH\index.php(67): CodeIgniter\CodeIgniter->run()
 8 SYSTEMPATH\Commands\Server\rewrite.php(43): require_once('FCPATH\\index.php')
