CRITICAL - 2022-09-15 02:19:30 --> Undefined variable $idFilm
in APPPATH\Views\film\detail.php on line 11.
 1 APPPATH\Views\film\detail.php(11): CodeIgniter\Debug\Exceptions->errorHandler(2, 'Undefined variable $idFilm', 'APPPATH\\Views\\film\\detail.php', 11)
 2 SYSTEMPATH\View\View.php(213): include('APPPATH\\Views\\film\\detail.php')
 3 SYSTEMPATH\View\View.php(216): CodeIgniter\View\View->CodeIgniter\View\{closure}()
 4 SYSTEMPATH\Common.php(1142): CodeIgniter\View\View->render('/film/detail', [], true)
 5 APPPATH\Controllers\film.php(64): view('/film/detail')
 6 SYSTEMPATH\CodeIgniter.php(907): App\Controllers\film->showBy('7')
 7 SYSTEMPATH\CodeIgniter.php(457): CodeIgniter\CodeIgniter->runController(Object(App\Controllers\film))
 8 SYSTEMPATH\CodeIgniter.php(340): CodeIgniter\CodeIgniter->handleRequest(null, Object(Config\Cache), false)
 9 FCPATH\index.php(67): CodeIgniter\CodeIgniter->run()
10 SYSTEMPATH\Commands\Server\rewrite.php(43): require_once('FCPATH\\index.php')
CRITICAL - 2022-09-15 02:23:10 --> Undefined variable $storyLine
in APPPATH\Views\film\detail.php on line 9.
 1 APPPATH\Views\film\detail.php(9): CodeIgniter\Debug\Exceptions->errorHandler(2, 'Undefined variable $storyLine', 'APPPATH\\Views\\film\\detail.php', 9)
 2 SYSTEMPATH\View\View.php(213): include('APPPATH\\Views\\film\\detail.php')
 3 SYSTEMPATH\View\View.php(216): CodeIgniter\View\View->CodeIgniter\View\{closure}()
 4 SYSTEMPATH\Common.php(1142): CodeIgniter\View\View->render('/film/detail', [], true)
 5 APPPATH\Controllers\film.php(64): view('/film/detail', [...])
 6 SYSTEMPATH\CodeIgniter.php(907): App\Controllers\film->showBy('7')
 7 SYSTEMPATH\CodeIgniter.php(457): CodeIgniter\CodeIgniter->runController(Object(App\Controllers\film))
 8 SYSTEMPATH\CodeIgniter.php(340): CodeIgniter\CodeIgniter->handleRequest(null, Object(Config\Cache), false)
 9 FCPATH\index.php(67): CodeIgniter\CodeIgniter->run()
10 SYSTEMPATH\Commands\Server\rewrite.php(43): require_once('FCPATH\\index.php')
CRITICAL - 2022-09-15 02:34:30 --> Undefined array key 0
in APPPATH\Controllers\film.php on line 64.
 1 APPPATH\Controllers\film.php(64): CodeIgniter\Debug\Exceptions->errorHandler(2, 'Undefined array key 0', 'APPPATH\\Controllers\\film.php', 64)
 2 SYSTEMPATH\CodeIgniter.php(907): App\Controllers\film->showBy('6')
 3 SYSTEMPATH\CodeIgniter.php(457): CodeIgniter\CodeIgniter->runController(Object(App\Controllers\film))
 4 SYSTEMPATH\CodeIgniter.php(340): CodeIgniter\CodeIgniter->handleRequest(null, Object(Config\Cache), false)
 5 FCPATH\index.php(67): CodeIgniter\CodeIgniter->run()
 6 SYSTEMPATH\Commands\Server\rewrite.php(43): require_once('FCPATH\\index.php')
CRITICAL - 2022-09-15 02:35:56 --> Undefined array key 0
in APPPATH\Controllers\film.php on line 64.
 1 APPPATH\Controllers\film.php(64): CodeIgniter\Debug\Exceptions->errorHandler(2, 'Undefined array key 0', 'APPPATH\\Controllers\\film.php', 64)
 2 SYSTEMPATH\CodeIgniter.php(907): App\Controllers\film->showBy('1')
 3 SYSTEMPATH\CodeIgniter.php(457): CodeIgniter\CodeIgniter->runController(Object(App\Controllers\film))
 4 SYSTEMPATH\CodeIgniter.php(340): CodeIgniter\CodeIgniter->handleRequest(null, Object(Config\Cache), false)
 5 FCPATH\index.php(67): CodeIgniter\CodeIgniter->run()
CRITICAL - 2022-09-15 02:36:42 --> Undefined array key 0
in APPPATH\Controllers\film.php on line 64.
 1 APPPATH\Controllers\film.php(64): CodeIgniter\Debug\Exceptions->errorHandler(2, 'Undefined array key 0', 'APPPATH\\Controllers\\film.php', 64)
 2 SYSTEMPATH\CodeIgniter.php(907): App\Controllers\film->showBy('1')
 3 SYSTEMPATH\CodeIgniter.php(457): CodeIgniter\CodeIgniter->runController(Object(App\Controllers\film))
 4 SYSTEMPATH\CodeIgniter.php(340): CodeIgniter\CodeIgniter->handleRequest(null, Object(Config\Cache), false)
 5 FCPATH\index.php(67): CodeIgniter\CodeIgniter->run()
CRITICAL - 2022-09-15 02:37:12 --> Undefined array key 0
in APPPATH\Controllers\film.php on line 64.
 1 APPPATH\Controllers\film.php(64): CodeIgniter\Debug\Exceptions->errorHandler(2, 'Undefined array key 0', 'APPPATH\\Controllers\\film.php', 64)
 2 SYSTEMPATH\CodeIgniter.php(907): App\Controllers\film->showBy('7')
 3 SYSTEMPATH\CodeIgniter.php(457): CodeIgniter\CodeIgniter->runController(Object(App\Controllers\film))
 4 SYSTEMPATH\CodeIgniter.php(340): CodeIgniter\CodeIgniter->handleRequest(null, Object(Config\Cache), false)
 5 FCPATH\index.php(67): CodeIgniter\CodeIgniter->run()
 6 SYSTEMPATH\Commands\Server\rewrite.php(43): require_once('FCPATH\\index.php')
CRITICAL - 2022-09-15 02:40:34 --> Undefined property: App\Controllers\film::$session
in APPPATH\Controllers\film.php on line 25.
 1 APPPATH\Controllers\film.php(25): CodeIgniter\Debug\Exceptions->errorHandler(2, 'Undefined property: App\\Controllers\\film::$session', 'APPPATH\\Controllers\\film.php', 25)
 2 SYSTEMPATH\CodeIgniter.php(907): App\Controllers\film->show()
 3 SYSTEMPATH\CodeIgniter.php(457): CodeIgniter\CodeIgniter->runController(Object(App\Controllers\film))
 4 SYSTEMPATH\CodeIgniter.php(340): CodeIgniter\CodeIgniter->handleRequest(null, Object(Config\Cache), false)
 5 FCPATH\index.php(67): CodeIgniter\CodeIgniter->run()
 6 SYSTEMPATH\Commands\Server\rewrite.php(43): require_once('FCPATH\\index.php')
CRITICAL - 2022-09-15 02:41:41 --> Undefined variable $config
in APPPATH\Controllers\film.php on line 15.
 1 APPPATH\Controllers\film.php(15): CodeIgniter\Debug\Exceptions->errorHandler(2, 'Undefined variable $config', 'APPPATH\\Controllers\\film.php', 15)
 2 SYSTEMPATH\CodeIgniter.php(869): App\Controllers\film->__construct()
 3 SYSTEMPATH\CodeIgniter.php(448): CodeIgniter\CodeIgniter->createController()
 4 SYSTEMPATH\CodeIgniter.php(340): CodeIgniter\CodeIgniter->handleRequest(null, Object(Config\Cache), false)
 5 FCPATH\index.php(67): CodeIgniter\CodeIgniter->run()
 6 SYSTEMPATH\Commands\Server\rewrite.php(43): require_once('FCPATH\\index.php')
