CRITICAL - 2022-09-10 01:17:36 --> Invalid file: layout/dashboard-template.php
in SYSTEMPATH\Exceptions\FrameworkException.php on line 33.
 1 SYSTEMPATH\View\View.php(201): CodeIgniter\Exceptions\FrameworkException::forInvalidFile('layout/dashboard-template.php')
 2 SYSTEMPATH\View\View.php(229): CodeIgniter\View\View->render('layout/dashboard-template', [], true)
 3 SYSTEMPATH\Common.php(1142): CodeIgniter\View\View->render('film/index', [], true)
 4 APPPATH\Controllers\pages.php(10): view('film/index')
 5 SYSTEMPATH\CodeIgniter.php(907): App\Controllers\pages->index()
 6 SYSTEMPATH\CodeIgniter.php(457): CodeIgniter\CodeIgniter->runController(Object(App\Controllers\pages))
 7 SYSTEMPATH\CodeIgniter.php(340): CodeIgniter\CodeIgniter->handleRequest(null, Object(Config\Cache), false)
 8 FCPATH\index.php(67): CodeIgniter\CodeIgniter->run()
 9 SYSTEMPATH\Commands\Server\rewrite.php(43): require_once('FCPATH\\index.php')
ERROR - 2022-09-10 07:49:54 --> Error connecting to the database: mysqli_sql_exception: No connection could be made because the target machine actively refused it in D:\xampp\htdocs\LKS\system\Database\MySQLi\Connection.php:171
Stack trace:
#0 D:\xampp\htdocs\LKS\system\Database\MySQLi\Connection.php(171): mysqli->real_connect('localhost', 'root', '', 'film', 3306, '', 0)
#1 D:\xampp\htdocs\LKS\system\Database\BaseConnection.php(382): CodeIgniter\Database\MySQLi\Connection->connect(false)
#2 D:\xampp\htdocs\LKS\system\Database\BaseConnection.php(588): CodeIgniter\Database\BaseConnection->initialize()
#3 D:\xampp\htdocs\LKS\system\Database\BaseBuilder.php(1585): CodeIgniter\Database\BaseConnection->query('SELECT *\nFROM `...', Array, false)
#4 D:\xampp\htdocs\LKS\system\Model.php(223): CodeIgniter\Database\BaseBuilder->get()
#5 D:\xampp\htdocs\LKS\system\BaseModel.php(584): CodeIgniter\Model->doFindAll(0, 0)
#6 D:\xampp\htdocs\LKS\app\Controllers\film.php(25): CodeIgniter\BaseModel->findAll()
#7 D:\xampp\htdocs\LKS\system\CodeIgniter.php(907): App\Controllers\film->show()
#8 D:\xampp\htdocs\LKS\system\CodeIgniter.php(457): CodeIgniter\CodeIgniter->runController(Object(App\Controllers\film))
#9 D:\xampp\htdocs\LKS\system\CodeIgniter.php(340): CodeIgniter\CodeIgniter->handleRequest(NULL, Object(Config\Cache), false)
#10 D:\xampp\htdocs\LKS\public\index.php(67): CodeIgniter\CodeIgniter->run()
#11 D:\xampp\htdocs\LKS\system\Commands\Server\rewrite.php(43): require_once('D:\\xampp\\htdocs...')
#12 {main}

Next CodeIgniter\Database\Exceptions\DatabaseException: No connection could be made because the target machine actively refused it in D:\xampp\htdocs\LKS\system\Database\MySQLi\Connection.php:215
Stack trace:
#0 D:\xampp\htdocs\LKS\system\Database\BaseConnection.php(382): CodeIgniter\Database\MySQLi\Connection->connect(false)
#1 D:\xampp\htdocs\LKS\system\Database\BaseConnection.php(588): CodeIgniter\Database\BaseConnection->initialize()
#2 D:\xampp\htdocs\LKS\system\Database\BaseBuilder.php(1585): CodeIgniter\Database\BaseConnection->query('SELECT *\nFROM `...', Array, false)
#3 D:\xampp\htdocs\LKS\system\Model.php(223): CodeIgniter\Database\BaseBuilder->get()
#4 D:\xampp\htdocs\LKS\system\BaseModel.php(584): CodeIgniter\Model->doFindAll(0, 0)
#5 D:\xampp\htdocs\LKS\app\Controllers\film.php(25): CodeIgniter\BaseModel->findAll()
#6 D:\xampp\htdocs\LKS\system\CodeIgniter.php(907): App\Controllers\film->show()
#7 D:\xampp\htdocs\LKS\system\CodeIgniter.php(457): CodeIgniter\CodeIgniter->runController(Object(App\Controllers\film))
#8 D:\xampp\htdocs\LKS\system\CodeIgniter.php(340): CodeIgniter\CodeIgniter->handleRequest(NULL, Object(Config\Cache), false)
#9 D:\xampp\htdocs\LKS\public\index.php(67): CodeIgniter\CodeIgniter->run()
#10 D:\xampp\htdocs\LKS\system\Commands\Server\rewrite.php(43): require_once('D:\\xampp\\htdocs...')
#11 {main}
CRITICAL - 2022-09-10 07:49:54 --> Unable to connect to the database.
Main connection [MySQLi]: No connection could be made because the target machine actively refused it
in SYSTEMPATH\Database\BaseConnection.php on line 418.
 1 SYSTEMPATH\Database\BaseConnection.php(588): CodeIgniter\Database\BaseConnection->initialize()
 2 SYSTEMPATH\Database\BaseBuilder.php(1585): CodeIgniter\Database\BaseConnection->query('SELECT *
FROM `listFilm`', [], false)
 3 SYSTEMPATH\Model.php(223): CodeIgniter\Database\BaseBuilder->get()
 4 SYSTEMPATH\BaseModel.php(584): CodeIgniter\Model->doFindAll(0, 0)
 5 APPPATH\Controllers\film.php(25): CodeIgniter\BaseModel->findAll()
 6 SYSTEMPATH\CodeIgniter.php(907): App\Controllers\film->show()
 7 SYSTEMPATH\CodeIgniter.php(457): CodeIgniter\CodeIgniter->runController(Object(App\Controllers\film))
 8 SYSTEMPATH\CodeIgniter.php(340): CodeIgniter\CodeIgniter->handleRequest(null, Object(Config\Cache), false)
 9 FCPATH\index.php(67): CodeIgniter\CodeIgniter->run()
10 SYSTEMPATH\Commands\Server\rewrite.php(43): require_once('FCPATH\\index.php')
CRITICAL - 2022-09-10 08:04:53 --> Undefined variable $idFilm
in APPPATH\Views\film\detail.php on line 11.
 1 APPPATH\Views\film\detail.php(11): CodeIgniter\Debug\Exceptions->errorHandler(2, 'Undefined variable $idFilm', 'APPPATH\\Views\\film\\detail.php', 11)
 2 SYSTEMPATH\View\View.php(213): include('APPPATH\\Views\\film\\detail.php')
 3 SYSTEMPATH\View\View.php(216): CodeIgniter\View\View->CodeIgniter\View\{closure}()
 4 SYSTEMPATH\Common.php(1142): CodeIgniter\View\View->render('film/detail', [], true)
 5 APPPATH\Controllers\pages.php(19): view('film/detail')
 6 SYSTEMPATH\CodeIgniter.php(907): App\Controllers\pages->detail('1')
 7 SYSTEMPATH\CodeIgniter.php(457): CodeIgniter\CodeIgniter->runController(Object(App\Controllers\pages))
 8 SYSTEMPATH\CodeIgniter.php(340): CodeIgniter\CodeIgniter->handleRequest(null, Object(Config\Cache), false)
 9 FCPATH\index.php(67): CodeIgniter\CodeIgniter->run()
10 SYSTEMPATH\Commands\Server\rewrite.php(43): require_once('FCPATH\\index.php')
CRITICAL - 2022-09-10 08:05:11 --> Undefined variable $idFilm
in APPPATH\Views\film\detail.php on line 11.
 1 APPPATH\Views\film\detail.php(11): CodeIgniter\Debug\Exceptions->errorHandler(2, 'Undefined variable $idFilm', 'APPPATH\\Views\\film\\detail.php', 11)
 2 SYSTEMPATH\View\View.php(213): include('APPPATH\\Views\\film\\detail.php')
 3 SYSTEMPATH\View\View.php(216): CodeIgniter\View\View->CodeIgniter\View\{closure}()
 4 SYSTEMPATH\Common.php(1142): CodeIgniter\View\View->render('film/detail', [], true)
 5 APPPATH\Controllers\pages.php(19): view('film/detail')
 6 SYSTEMPATH\CodeIgniter.php(907): App\Controllers\pages->detail('1')
 7 SYSTEMPATH\CodeIgniter.php(457): CodeIgniter\CodeIgniter->runController(Object(App\Controllers\pages))
 8 SYSTEMPATH\CodeIgniter.php(340): CodeIgniter\CodeIgniter->handleRequest(null, Object(Config\Cache), false)
 9 FCPATH\index.php(67): CodeIgniter\CodeIgniter->run()
10 SYSTEMPATH\Commands\Server\rewrite.php(43): require_once('FCPATH\\index.php')
