CRITICAL - 2022-09-17 01:40:38 --> Undefined array key "rate"
in APPPATH\Controllers\film.php on line 54.
 1 APPPATH\Controllers\film.php(54): CodeIgniter\Debug\Exceptions->errorHandler(2, 'Undefined array key "rate"', 'APPPATH\\Controllers\\film.php', 54)
 2 SYSTEMPATH\CodeIgniter.php(907): App\Controllers\film->show()
 3 SYSTEMPATH\CodeIgniter.php(457): CodeIgniter\CodeIgniter->runController(Object(App\Controllers\film))
 4 SYSTEMPATH\CodeIgniter.php(340): CodeIgniter\CodeIgniter->handleRequest(null, Object(Config\Cache), false)
 5 FCPATH\index.php(67): CodeIgniter\CodeIgniter->run()
 6 SYSTEMPATH\Commands\Server\rewrite.php(43): require_once('FCPATH\\index.php')
CRITICAL - 2022-09-17 01:43:45 --> syntax error, unexpected token "exit"
in APPPATH\Controllers\film.php on line 56.
 1 SYSTEMPATH\Autoloader\Autoloader.php(259): CodeIgniter\Autoloader\Autoloader->includeFile('APPPATH\\Controllers\\film.php')
 2 SYSTEMPATH\Autoloader\Autoloader.php(237): CodeIgniter\Autoloader\Autoloader->loadInNamespace('App\\Controllers\\film')
 3 [internal function]: CodeIgniter\Autoloader\Autoloader->loadClass('App\\Controllers\\film')
 4 SYSTEMPATH\CodeIgniter.php(857): class_exists('\\App\\Controllers\\film', true)
 5 SYSTEMPATH\CodeIgniter.php(444): CodeIgniter\CodeIgniter->startController()
 6 SYSTEMPATH\CodeIgniter.php(340): CodeIgniter\CodeIgniter->handleRequest(null, Object(Config\Cache), false)
 7 FCPATH\index.php(67): CodeIgniter\CodeIgniter->run()
 8 SYSTEMPATH\Commands\Server\rewrite.php(43): require_once('FCPATH\\index.php')
CRITICAL - 2022-09-17 01:43:53 --> CodeIgniter\BaseModel::transformDataToArray(): Return value must be of type array, string returned
in SYSTEMPATH\BaseModel.php on line 1599.
 1 SYSTEMPATH\BaseModel.php(704): CodeIgniter\BaseModel->transformDataToArray('rate', 'insert')
 2 SYSTEMPATH\Model.php(667): CodeIgniter\BaseModel->insert('rate', true)
 3 APPPATH\Controllers\film.php(55): CodeIgniter\Model->insert('rate', true)
 4 SYSTEMPATH\CodeIgniter.php(907): App\Controllers\film->show()
 5 SYSTEMPATH\CodeIgniter.php(457): CodeIgniter\CodeIgniter->runController(Object(App\Controllers\film))
 6 SYSTEMPATH\CodeIgniter.php(340): CodeIgniter\CodeIgniter->handleRequest(null, Object(Config\Cache), false)
 7 FCPATH\index.php(67): CodeIgniter\CodeIgniter->run()
 8 SYSTEMPATH\Commands\Server\rewrite.php(43): require_once('FCPATH\\index.php')
CRITICAL - 2022-09-17 01:44:42 --> CodeIgniter\BaseModel::transformDataToArray(): Return value must be of type array, string returned
in SYSTEMPATH\BaseModel.php on line 1599.
 1 SYSTEMPATH\BaseModel.php(704): CodeIgniter\BaseModel->transformDataToArray('rate', 'insert')
 2 SYSTEMPATH\Model.php(667): CodeIgniter\BaseModel->insert('rate', true)
 3 APPPATH\Controllers\film.php(56): CodeIgniter\Model->insert('rate', true)
 4 SYSTEMPATH\CodeIgniter.php(907): App\Controllers\film->show()
 5 SYSTEMPATH\CodeIgniter.php(457): CodeIgniter\CodeIgniter->runController(Object(App\Controllers\film))
 6 SYSTEMPATH\CodeIgniter.php(340): CodeIgniter\CodeIgniter->handleRequest(null, Object(Config\Cache), false)
 7 FCPATH\index.php(67): CodeIgniter\CodeIgniter->run()
 8 SYSTEMPATH\Commands\Server\rewrite.php(43): require_once('FCPATH\\index.php')
CRITICAL - 2022-09-17 01:46:16 --> syntax error, unexpected token ";", expecting "]"
in APPPATH\Controllers\film.php on line 55.
 1 SYSTEMPATH\Autoloader\Autoloader.php(259): CodeIgniter\Autoloader\Autoloader->includeFile('APPPATH\\Controllers\\film.php')
 2 SYSTEMPATH\Autoloader\Autoloader.php(237): CodeIgniter\Autoloader\Autoloader->loadInNamespace('App\\Controllers\\film')
 3 [internal function]: CodeIgniter\Autoloader\Autoloader->loadClass('App\\Controllers\\film')
 4 SYSTEMPATH\CodeIgniter.php(857): class_exists('\\App\\Controllers\\film', true)
 5 SYSTEMPATH\CodeIgniter.php(444): CodeIgniter\CodeIgniter->startController()
 6 SYSTEMPATH\CodeIgniter.php(340): CodeIgniter\CodeIgniter->handleRequest(null, Object(Config\Cache), false)
 7 FCPATH\index.php(67): CodeIgniter\CodeIgniter->run()
 8 SYSTEMPATH\Commands\Server\rewrite.php(43): require_once('FCPATH\\index.php')
CRITICAL - 2022-09-17 01:46:31 --> CodeIgniter\Model::insert(): Argument #2 ($returnID) must be of type bool, array given, called in D:\xampp\htdocs\LKS\app\Controllers\film.php on line 58
in SYSTEMPATH\Model.php on line 653.
 1 APPPATH\Controllers\film.php(58): CodeIgniter\Model->insert('rate', [...])
 2 SYSTEMPATH\CodeIgniter.php(907): App\Controllers\film->show()
 3 SYSTEMPATH\CodeIgniter.php(457): CodeIgniter\CodeIgniter->runController(Object(App\Controllers\film))
 4 SYSTEMPATH\CodeIgniter.php(340): CodeIgniter\CodeIgniter->handleRequest(null, Object(Config\Cache), false)
 5 FCPATH\index.php(67): CodeIgniter\CodeIgniter->run()
 6 SYSTEMPATH\Commands\Server\rewrite.php(43): require_once('FCPATH\\index.php')
CRITICAL - 2022-09-17 01:49:18 --> CodeIgniter\Model::insert(): Argument #2 ($returnID) must be of type bool, array given, called in D:\xampp\htdocs\LKS\app\Controllers\film.php on line 56
in SYSTEMPATH\Model.php on line 653.
 1 APPPATH\Controllers\film.php(56): CodeIgniter\Model->insert('rate', [...])
 2 SYSTEMPATH\CodeIgniter.php(907): App\Controllers\film->show()
 3 SYSTEMPATH\CodeIgniter.php(457): CodeIgniter\CodeIgniter->runController(Object(App\Controllers\film))
 4 SYSTEMPATH\CodeIgniter.php(340): CodeIgniter\CodeIgniter->handleRequest(null, Object(Config\Cache), false)
 5 FCPATH\index.php(67): CodeIgniter\CodeIgniter->run()
 6 SYSTEMPATH\Commands\Server\rewrite.php(43): require_once('FCPATH\\index.php')
CRITICAL - 2022-09-17 01:51:51 --> CodeIgniter\Model::insert(): Argument #2 ($returnID) must be of type bool, array given, called in D:\xampp\htdocs\LKS\app\Controllers\film.php on line 55
in SYSTEMPATH\Model.php on line 653.
 1 APPPATH\Controllers\film.php(55): CodeIgniter\Model->insert('rate', [...])
 2 SYSTEMPATH\CodeIgniter.php(907): App\Controllers\film->show()
 3 SYSTEMPATH\CodeIgniter.php(457): CodeIgniter\CodeIgniter->runController(Object(App\Controllers\film))
 4 SYSTEMPATH\CodeIgniter.php(340): CodeIgniter\CodeIgniter->handleRequest(null, Object(Config\Cache), false)
 5 FCPATH\index.php(67): CodeIgniter\CodeIgniter->run()
 6 SYSTEMPATH\Commands\Server\rewrite.php(43): require_once('FCPATH\\index.php')
CRITICAL - 2022-09-17 01:54:15 --> Call to undefined function App\Controllers\rate()
in APPPATH\Controllers\film.php on line 53.
 1 SYSTEMPATH\CodeIgniter.php(907): App\Controllers\film->show()
 2 SYSTEMPATH\CodeIgniter.php(457): CodeIgniter\CodeIgniter->runController(Object(App\Controllers\film))
 3 SYSTEMPATH\CodeIgniter.php(340): CodeIgniter\CodeIgniter->handleRequest(null, Object(Config\Cache), false)
 4 FCPATH\index.php(67): CodeIgniter\CodeIgniter->run()
 5 SYSTEMPATH\Commands\Server\rewrite.php(43): require_once('FCPATH\\index.php')
CRITICAL - 2022-09-17 01:55:46 --> Undefined variable $rate
in APPPATH\Controllers\film.php on line 57.
 1 APPPATH\Controllers\film.php(57): CodeIgniter\Debug\Exceptions->errorHandler(2, 'Undefined variable $rate', 'APPPATH\\Controllers\\film.php', 57)
 2 SYSTEMPATH\CodeIgniter.php(907): App\Controllers\film->show()
 3 SYSTEMPATH\CodeIgniter.php(457): CodeIgniter\CodeIgniter->runController(Object(App\Controllers\film))
 4 SYSTEMPATH\CodeIgniter.php(340): CodeIgniter\CodeIgniter->handleRequest(null, Object(Config\Cache), false)
 5 FCPATH\index.php(67): CodeIgniter\CodeIgniter->run()
 6 SYSTEMPATH\Commands\Server\rewrite.php(43): require_once('FCPATH\\index.php')
CRITICAL - 2022-09-17 01:59:21 --> CodeIgniter\BaseModel::transformDataToArray(): Return value must be of type array, string returned
in SYSTEMPATH\BaseModel.php on line 1599.
 1 SYSTEMPATH\BaseModel.php(704): CodeIgniter\BaseModel->transformDataToArray('rate', 'insert')
 2 SYSTEMPATH\Model.php(667): CodeIgniter\BaseModel->insert('rate', true)
 3 APPPATH\Controllers\film.php(53): CodeIgniter\Model->insert('rate', true)
 4 SYSTEMPATH\CodeIgniter.php(907): App\Controllers\film->show()
 5 SYSTEMPATH\CodeIgniter.php(457): CodeIgniter\CodeIgniter->runController(Object(App\Controllers\film))
 6 SYSTEMPATH\CodeIgniter.php(340): CodeIgniter\CodeIgniter->handleRequest(null, Object(Config\Cache), false)
 7 FCPATH\index.php(67): CodeIgniter\CodeIgniter->run()
 8 SYSTEMPATH\Commands\Server\rewrite.php(43): require_once('FCPATH\\index.php')
CRITICAL - 2022-09-17 01:59:39 --> CodeIgniter\BaseModel::transformDataToArray(): Return value must be of type array, string returned
in SYSTEMPATH\BaseModel.php on line 1599.
 1 SYSTEMPATH\BaseModel.php(704): CodeIgniter\BaseModel->transformDataToArray('rate', 'insert')
 2 SYSTEMPATH\Model.php(667): CodeIgniter\BaseModel->insert('rate', true)
 3 APPPATH\Controllers\film.php(53): CodeIgniter\Model->insert('rate', true)
 4 SYSTEMPATH\CodeIgniter.php(907): App\Controllers\film->show()
 5 SYSTEMPATH\CodeIgniter.php(457): CodeIgniter\CodeIgniter->runController(Object(App\Controllers\film))
 6 SYSTEMPATH\CodeIgniter.php(340): CodeIgniter\CodeIgniter->handleRequest(null, Object(Config\Cache), false)
 7 FCPATH\index.php(67): CodeIgniter\CodeIgniter->run()
 8 SYSTEMPATH\Commands\Server\rewrite.php(43): require_once('FCPATH\\index.php')
CRITICAL - 2022-09-17 02:01:57 --> Call to undefined function App\Controllers\str()
in APPPATH\Controllers\film.php on line 53.
 1 SYSTEMPATH\CodeIgniter.php(907): App\Controllers\film->show()
 2 SYSTEMPATH\CodeIgniter.php(457): CodeIgniter\CodeIgniter->runController(Object(App\Controllers\film))
 3 SYSTEMPATH\CodeIgniter.php(340): CodeIgniter\CodeIgniter->handleRequest(null, Object(Config\Cache), false)
 4 FCPATH\index.php(67): CodeIgniter\CodeIgniter->run()
 5 SYSTEMPATH\Commands\Server\rewrite.php(43): require_once('FCPATH\\index.php')
CRITICAL - 2022-09-17 02:03:06 --> CodeIgniter\BaseModel::transformDataToArray(): Return value must be of type array, string returned
in SYSTEMPATH\BaseModel.php on line 1599.
 1 SYSTEMPATH\BaseModel.php(704): CodeIgniter\BaseModel->transformDataToArray('rate', 'insert')
 2 SYSTEMPATH\Model.php(667): CodeIgniter\BaseModel->insert('rate', true)
 3 APPPATH\Controllers\film.php(53): CodeIgniter\Model->insert('rate', true)
 4 SYSTEMPATH\CodeIgniter.php(907): App\Controllers\film->show()
 5 SYSTEMPATH\CodeIgniter.php(457): CodeIgniter\CodeIgniter->runController(Object(App\Controllers\film))
 6 SYSTEMPATH\CodeIgniter.php(340): CodeIgniter\CodeIgniter->handleRequest(null, Object(Config\Cache), false)
 7 FCPATH\index.php(67): CodeIgniter\CodeIgniter->run()
 8 SYSTEMPATH\Commands\Server\rewrite.php(43): require_once('FCPATH\\index.php')
CRITICAL - 2022-09-17 02:06:08 --> syntax error, unexpected token "=>", expecting ")"
in APPPATH\Controllers\film.php on line 53.
 1 SYSTEMPATH\Autoloader\Autoloader.php(259): CodeIgniter\Autoloader\Autoloader->includeFile('APPPATH\\Controllers\\film.php')
 2 SYSTEMPATH\Autoloader\Autoloader.php(237): CodeIgniter\Autoloader\Autoloader->loadInNamespace('App\\Controllers\\film')
 3 [internal function]: CodeIgniter\Autoloader\Autoloader->loadClass('App\\Controllers\\film')
 4 SYSTEMPATH\CodeIgniter.php(857): class_exists('\\App\\Controllers\\film', true)
 5 SYSTEMPATH\CodeIgniter.php(444): CodeIgniter\CodeIgniter->startController()
 6 SYSTEMPATH\CodeIgniter.php(340): CodeIgniter\CodeIgniter->handleRequest(null, Object(Config\Cache), false)
 7 FCPATH\index.php(67): CodeIgniter\CodeIgniter->run()
 8 SYSTEMPATH\Commands\Server\rewrite.php(43): require_once('FCPATH\\index.php')
CRITICAL - 2022-09-17 02:06:31 --> CodeIgniter\BaseModel::replace(): Argument #1 ($data) must be of type ?array, string given, called in D:\xampp\htdocs\LKS\app\Controllers\film.php on line 53
in SYSTEMPATH\BaseModel.php on line 1027.
 1 APPPATH\Controllers\film.php(53): CodeIgniter\BaseModel->replace('rate', 8.5)
 2 SYSTEMPATH\CodeIgniter.php(907): App\Controllers\film->show()
 3 SYSTEMPATH\CodeIgniter.php(457): CodeIgniter\CodeIgniter->runController(Object(App\Controllers\film))
 4 SYSTEMPATH\CodeIgniter.php(340): CodeIgniter\CodeIgniter->handleRequest(null, Object(Config\Cache), false)
 5 FCPATH\index.php(67): CodeIgniter\CodeIgniter->run()
 6 SYSTEMPATH\Commands\Server\rewrite.php(43): require_once('FCPATH\\index.php')
CRITICAL - 2022-09-17 02:07:07 --> CodeIgniter\BaseModel::replace(): Argument #1 ($data) must be of type ?array, string given, called in D:\xampp\htdocs\LKS\app\Controllers\film.php on line 53
in SYSTEMPATH\BaseModel.php on line 1027.
 1 APPPATH\Controllers\film.php(53): CodeIgniter\BaseModel->replace('rate', 8.5)
 2 SYSTEMPATH\CodeIgniter.php(907): App\Controllers\film->show()
 3 SYSTEMPATH\CodeIgniter.php(457): CodeIgniter\CodeIgniter->runController(Object(App\Controllers\film))
 4 SYSTEMPATH\CodeIgniter.php(340): CodeIgniter\CodeIgniter->handleRequest(null, Object(Config\Cache), false)
 5 FCPATH\index.php(67): CodeIgniter\CodeIgniter->run()
 6 SYSTEMPATH\Commands\Server\rewrite.php(43): require_once('FCPATH\\index.php')
CRITICAL - 2022-09-17 02:07:18 --> CodeIgniter\BaseModel::replace(): Argument #1 ($data) must be of type ?array, string given, called in D:\xampp\htdocs\LKS\app\Controllers\film.php on line 53
in SYSTEMPATH\BaseModel.php on line 1027.
 1 APPPATH\Controllers\film.php(53): CodeIgniter\BaseModel->replace('rate', [...])
 2 SYSTEMPATH\CodeIgniter.php(907): App\Controllers\film->show()
 3 SYSTEMPATH\CodeIgniter.php(457): CodeIgniter\CodeIgniter->runController(Object(App\Controllers\film))
 4 SYSTEMPATH\CodeIgniter.php(340): CodeIgniter\CodeIgniter->handleRequest(null, Object(Config\Cache), false)
 5 FCPATH\index.php(67): CodeIgniter\CodeIgniter->run()
 6 SYSTEMPATH\Commands\Server\rewrite.php(43): require_once('FCPATH\\index.php')
CRITICAL - 2022-09-17 02:07:48 --> syntax error, unexpected token "}"
in APPPATH\Controllers\film.php on line 56.
 1 SYSTEMPATH\Autoloader\Autoloader.php(259): CodeIgniter\Autoloader\Autoloader->includeFile('APPPATH\\Controllers\\film.php')
 2 SYSTEMPATH\Autoloader\Autoloader.php(237): CodeIgniter\Autoloader\Autoloader->loadInNamespace('App\\Controllers\\film')
 3 [internal function]: CodeIgniter\Autoloader\Autoloader->loadClass('App\\Controllers\\film')
 4 SYSTEMPATH\CodeIgniter.php(857): class_exists('\\App\\Controllers\\film', true)
 5 SYSTEMPATH\CodeIgniter.php(444): CodeIgniter\CodeIgniter->startController()
 6 SYSTEMPATH\CodeIgniter.php(340): CodeIgniter\CodeIgniter->handleRequest(null, Object(Config\Cache), false)
 7 FCPATH\index.php(67): CodeIgniter\CodeIgniter->run()
 8 SYSTEMPATH\Commands\Server\rewrite.php(43): require_once('FCPATH\\index.php')
CRITICAL - 2022-09-17 02:07:58 --> CodeIgniter\BaseModel::replace(): Argument #1 ($data) must be of type ?array, string given, called in D:\xampp\htdocs\LKS\app\Controllers\film.php on line 53
in SYSTEMPATH\BaseModel.php on line 1027.
 1 APPPATH\Controllers\film.php(53): CodeIgniter\BaseModel->replace('rate', [...])
 2 SYSTEMPATH\CodeIgniter.php(907): App\Controllers\film->show()
 3 SYSTEMPATH\CodeIgniter.php(457): CodeIgniter\CodeIgniter->runController(Object(App\Controllers\film))
 4 SYSTEMPATH\CodeIgniter.php(340): CodeIgniter\CodeIgniter->handleRequest(null, Object(Config\Cache), false)
 5 FCPATH\index.php(67): CodeIgniter\CodeIgniter->run()
 6 SYSTEMPATH\Commands\Server\rewrite.php(43): require_once('FCPATH\\index.php')
CRITICAL - 2022-09-17 02:11:07 --> syntax error, unexpected token ";"
in APPPATH\Controllers\film.php on line 56.
 1 SYSTEMPATH\Autoloader\Autoloader.php(259): CodeIgniter\Autoloader\Autoloader->includeFile('APPPATH\\Controllers\\film.php')
 2 SYSTEMPATH\Autoloader\Autoloader.php(237): CodeIgniter\Autoloader\Autoloader->loadInNamespace('App\\Controllers\\film')
 3 [internal function]: CodeIgniter\Autoloader\Autoloader->loadClass('App\\Controllers\\film')
 4 SYSTEMPATH\CodeIgniter.php(857): class_exists('\\App\\Controllers\\film', true)
 5 SYSTEMPATH\CodeIgniter.php(444): CodeIgniter\CodeIgniter->startController()
 6 SYSTEMPATH\CodeIgniter.php(340): CodeIgniter\CodeIgniter->handleRequest(null, Object(Config\Cache), false)
 7 FCPATH\index.php(67): CodeIgniter\CodeIgniter->run()
 8 SYSTEMPATH\Commands\Server\rewrite.php(43): require_once('FCPATH\\index.php')
ERROR - 2022-09-17 02:11:19 --> mysqli_sql_exception: Table 'film.users' doesn't exist in D:\xampp\htdocs\LKS\system\Database\MySQLi\Connection.php:292
Stack trace:
#0 D:\xampp\htdocs\LKS\system\Database\MySQLi\Connection.php(292): mysqli->query('UPDATE `users` ...', 0)
#1 D:\xampp\htdocs\LKS\system\Database\BaseConnection.php(693): CodeIgniter\Database\MySQLi\Connection->execute('UPDATE `users` ...')
#2 D:\xampp\htdocs\LKS\system\Database\BaseConnection.php(620): CodeIgniter\Database\BaseConnection->simpleQuery('UPDATE `users` ...')
#3 D:\xampp\htdocs\LKS\system\Database\BaseBuilder.php(2079): CodeIgniter\Database\BaseConnection->query('UPDATE `users` ...', Array, false)
#4 D:\xampp\htdocs\LKS\app\Controllers\film.php(59): CodeIgniter\Database\BaseBuilder->update()
#5 D:\xampp\htdocs\LKS\system\CodeIgniter.php(907): App\Controllers\film->show()
#6 D:\xampp\htdocs\LKS\system\CodeIgniter.php(457): CodeIgniter\CodeIgniter->runController(Object(App\Controllers\film))
#7 D:\xampp\htdocs\LKS\system\CodeIgniter.php(340): CodeIgniter\CodeIgniter->handleRequest(NULL, Object(Config\Cache), false)
#8 D:\xampp\htdocs\LKS\public\index.php(67): CodeIgniter\CodeIgniter->run()
#9 D:\xampp\htdocs\LKS\system\Commands\Server\rewrite.php(43): require_once('D:\\xampp\\htdocs...')
#10 {main}
CRITICAL - 2022-09-17 02:11:19 --> Table 'film.users' doesn't exist
in SYSTEMPATH\Database\MySQLi\Connection.php on line 292.
 1 SYSTEMPATH\Database\MySQLi\Connection.php(292): mysqli->query('UPDATE `users` SET `name` = 8.5
WHERE `id` = \'1\'', 0)
 2 SYSTEMPATH\Database\BaseConnection.php(693): CodeIgniter\Database\MySQLi\Connection->execute('UPDATE `users` SET `name` = 8.5
WHERE `id` = \'1\'')
 3 SYSTEMPATH\Database\BaseConnection.php(620): CodeIgniter\Database\BaseConnection->simpleQuery('UPDATE `users` SET `name` = 8.5
WHERE `id` = \'1\'')
 4 SYSTEMPATH\Database\BaseBuilder.php(2079): CodeIgniter\Database\BaseConnection->query('UPDATE `users` SET `name` = :name:
WHERE `id` = :id:', [...], false)
 5 APPPATH\Controllers\film.php(59): CodeIgniter\Database\BaseBuilder->update()
 6 SYSTEMPATH\CodeIgniter.php(907): App\Controllers\film->show()
 7 SYSTEMPATH\CodeIgniter.php(457): CodeIgniter\CodeIgniter->runController(Object(App\Controllers\film))
 8 SYSTEMPATH\CodeIgniter.php(340): CodeIgniter\CodeIgniter->handleRequest(null, Object(Config\Cache), false)
 9 FCPATH\index.php(67): CodeIgniter\CodeIgniter->run()
10 SYSTEMPATH\Commands\Server\rewrite.php(43): require_once('FCPATH\\index.php')
ERROR - 2022-09-17 02:11:47 --> mysqli_sql_exception: Unknown column 'name' in 'field list' in D:\xampp\htdocs\LKS\system\Database\MySQLi\Connection.php:292
Stack trace:
#0 D:\xampp\htdocs\LKS\system\Database\MySQLi\Connection.php(292): mysqli->query('UPDATE `listFil...', 0)
#1 D:\xampp\htdocs\LKS\system\Database\BaseConnection.php(693): CodeIgniter\Database\MySQLi\Connection->execute('UPDATE `listFil...')
#2 D:\xampp\htdocs\LKS\system\Database\BaseConnection.php(620): CodeIgniter\Database\BaseConnection->simpleQuery('UPDATE `listFil...')
#3 D:\xampp\htdocs\LKS\system\Database\BaseBuilder.php(2079): CodeIgniter\Database\BaseConnection->query('UPDATE `listFil...', Array, false)
#4 D:\xampp\htdocs\LKS\app\Controllers\film.php(59): CodeIgniter\Database\BaseBuilder->update()
#5 D:\xampp\htdocs\LKS\system\CodeIgniter.php(907): App\Controllers\film->show()
#6 D:\xampp\htdocs\LKS\system\CodeIgniter.php(457): CodeIgniter\CodeIgniter->runController(Object(App\Controllers\film))
#7 D:\xampp\htdocs\LKS\system\CodeIgniter.php(340): CodeIgniter\CodeIgniter->handleRequest(NULL, Object(Config\Cache), false)
#8 D:\xampp\htdocs\LKS\public\index.php(67): CodeIgniter\CodeIgniter->run()
#9 D:\xampp\htdocs\LKS\system\Commands\Server\rewrite.php(43): require_once('D:\\xampp\\htdocs...')
#10 {main}
CRITICAL - 2022-09-17 02:11:47 --> Unknown column 'name' in 'field list'
in SYSTEMPATH\Database\MySQLi\Connection.php on line 292.
 1 SYSTEMPATH\Database\MySQLi\Connection.php(292): mysqli->query('UPDATE `listFilm` SET `name` = 8.5
WHERE `id` = \'1\'', 0)
 2 SYSTEMPATH\Database\BaseConnection.php(693): CodeIgniter\Database\MySQLi\Connection->execute('UPDATE `listFilm` SET `name` = 8.5
WHERE `id` = \'1\'')
 3 SYSTEMPATH\Database\BaseConnection.php(620): CodeIgniter\Database\BaseConnection->simpleQuery('UPDATE `listFilm` SET `name` = 8.5
WHERE `id` = \'1\'')
 4 SYSTEMPATH\Database\BaseBuilder.php(2079): CodeIgniter\Database\BaseConnection->query('UPDATE `listFilm` SET `name` = :name:
WHERE `id` = :id:', [...], false)
 5 APPPATH\Controllers\film.php(59): CodeIgniter\Database\BaseBuilder->update()
 6 SYSTEMPATH\CodeIgniter.php(907): App\Controllers\film->show()
 7 SYSTEMPATH\CodeIgniter.php(457): CodeIgniter\CodeIgniter->runController(Object(App\Controllers\film))
 8 SYSTEMPATH\CodeIgniter.php(340): CodeIgniter\CodeIgniter->handleRequest(null, Object(Config\Cache), false)
 9 FCPATH\index.php(67): CodeIgniter\CodeIgniter->run()
10 SYSTEMPATH\Commands\Server\rewrite.php(43): require_once('FCPATH\\index.php')
